  cl : Command line warning D9035 : option 'Gm' has been deprecated and will be removed in a future release
  TrainingFramework.cpp
  GSSetting3.cpp
C:\Users\quang\OneDrive\Documents\GitHub\SpaceAventural\Program\TrainingFramework\src\Helper\ThreadPool.h(37,13): warning C4477:  'printf' : format string '%d' requires an argument of type 'int', but variadic argument 1 has type 'std::thread::id'
C:\Users\quang\OneDrive\Documents\GitHub\SpaceAventural\Program\Soloud\include\soloud.h(37,1): warning C4005:  'WIN32_LEAN_AND_MEAN': macro redefinition
C:\Users\quang\OneDrive\Documents\GitHub\SpaceAventural\Program\Include\AMD\EGL\eglplatform.h(67): message :  see previous definition of 'WIN32_LEAN_AND_MEAN'
C:\Users\quang\OneDrive\Documents\GitHub\SpaceAventural\Program\TrainingFramework\src\GameStates\GSSetting3.cpp(24,86): warning C4244:  'argument': conversion from 'int' to 'GLfloat', possible loss of data
C:\Users\quang\OneDrive\Documents\GitHub\SpaceAventural\Program\TrainingFramework\src\GameStates\GSSetting3.cpp(24,55): warning C4244:  'argument': conversion from 'int' to 'GLfloat', possible loss of data
C:\Users\quang\OneDrive\Documents\GitHub\SpaceAventural\Program\TrainingFramework\src\GameStates\GSSetting3.cpp(32,53): warning C4244:  'argument': conversion from 'int' to 'GLfloat', possible loss of data
C:\Users\quang\OneDrive\Documents\GitHub\SpaceAventural\Program\TrainingFramework\src\GameStates\GSSetting3.cpp(43,49): warning C4244:  'argument': conversion from 'int' to 'GLfloat', possible loss of data
C:\Users\quang\OneDrive\Documents\GitHub\SpaceAventural\Program\TrainingFramework\src\GameStates\GSSetting3.cpp(49,7): warning C4101:  'y': unreferenced local variable
C:\Users\quang\OneDrive\Documents\GitHub\SpaceAventural\Program\TrainingFramework\src\GameStates\GSSetting3.cpp(48,7): warning C4101:  'x': unreferenced local variable
C:\Users\quang\OneDrive\Documents\GitHub\SpaceAventural\Program\TrainingFramework\src\GameStates\GSSetting3.cpp(62,49): warning C4244:  'argument': conversion from 'int' to 'GLfloat', possible loss of data
C:\Users\quang\OneDrive\Documents\GitHub\SpaceAventural\Program\TrainingFramework\src\GameStates\GSSetting3.cpp(68,7): warning C4101:  'y': unreferenced local variable
C:\Users\quang\OneDrive\Documents\GitHub\SpaceAventural\Program\TrainingFramework\src\GameStates\GSSetting3.cpp(67,7): warning C4101:  'x': unreferenced local variable
C:\Users\quang\OneDrive\Documents\GitHub\SpaceAventural\Program\TrainingFramework\src\GameStates\GSSetting3.cpp(83,70): warning C4244:  'argument': conversion from 'int' to 'GLfloat', possible loss of data
C:\Program Files (x86)\Microsoft Visual Studio\2019\Professional\VC\Tools\MSVC\14.21.27702\include\memory(1527,71): warning C4244:  'argument': conversion from '_Ty' to 'float', possible loss of data
C:\Program Files (x86)\Microsoft Visual Studio\2019\Professional\VC\Tools\MSVC\14.21.27702\include\memory(1527,71): warning C4244:         with
C:\Program Files (x86)\Microsoft Visual Studio\2019\Professional\VC\Tools\MSVC\14.21.27702\include\memory(1527,71): warning C4244:         [
C:\Program Files (x86)\Microsoft Visual Studio\2019\Professional\VC\Tools\MSVC\14.21.27702\include\memory(1527,71): warning C4244:             _Ty=double
C:\Program Files (x86)\Microsoft Visual Studio\2019\Professional\VC\Tools\MSVC\14.21.27702\include\memory(1527,71): warning C4244:         ]
C:\Program Files (x86)\Microsoft Visual Studio\2019\Professional\VC\Tools\MSVC\14.21.27702\include\memory(1582): message :  see reference to function template instantiation 'std::_Ref_count_obj<_Ty>::_Ref_count_obj<std::shared_ptr<Shaders>&,std::shared_ptr<Font>&,const char(&)[8],TEXT_COLOR,double>(std::shared_ptr<Shaders> &,std::shared_ptr<Font> &,const char (&)[8],TEXT_COLOR &&,double &&)' being compiled
C:\Program Files (x86)\Microsoft Visual Studio\2019\Professional\VC\Tools\MSVC\14.21.27702\include\memory(1582): message :         with
C:\Program Files (x86)\Microsoft Visual Studio\2019\Professional\VC\Tools\MSVC\14.21.27702\include\memory(1582): message :         [
C:\Program Files (x86)\Microsoft Visual Studio\2019\Professional\VC\Tools\MSVC\14.21.27702\include\memory(1582): message :             _Ty=Text
C:\Program Files (x86)\Microsoft Visual Studio\2019\Professional\VC\Tools\MSVC\14.21.27702\include\memory(1582): message :         ]
C:\Program Files (x86)\Microsoft Visual Studio\2019\Professional\VC\Tools\MSVC\14.21.27702\include\memory(1582): message :  see reference to function template instantiation 'std::_Ref_count_obj<_Ty>::_Ref_count_obj<std::shared_ptr<Shaders>&,std::shared_ptr<Font>&,const char(&)[8],TEXT_COLOR,double>(std::shared_ptr<Shaders> &,std::shared_ptr<Font> &,const char (&)[8],TEXT_COLOR &&,double &&)' being compiled
C:\Program Files (x86)\Microsoft Visual Studio\2019\Professional\VC\Tools\MSVC\14.21.27702\include\memory(1582): message :         with
C:\Program Files (x86)\Microsoft Visual Studio\2019\Professional\VC\Tools\MSVC\14.21.27702\include\memory(1582): message :         [
C:\Program Files (x86)\Microsoft Visual Studio\2019\Professional\VC\Tools\MSVC\14.21.27702\include\memory(1582): message :             _Ty=Text
C:\Program Files (x86)\Microsoft Visual Studio\2019\Professional\VC\Tools\MSVC\14.21.27702\include\memory(1582): message :         ]
  GSSetting2.cpp
C:\Users\quang\OneDrive\Documents\GitHub\SpaceAventural\Program\TrainingFramework\src\GameStates\GSSetting3.cpp(82): message :  see reference to function template instantiation 'std::shared_ptr<Text> std::make_shared<Text,std::shared_ptr<Shaders>&,std::shared_ptr<Font>&,const char(&)[8],TEXT_COLOR,double>(std::shared_ptr<Shaders> &,std::shared_ptr<Font> &,const char (&)[8],TEXT_COLOR &&,double &&)' being compiled
C:\Users\quang\OneDrive\Documents\GitHub\SpaceAventural\Program\TrainingFramework\src\Helper\ThreadPool.h(37,13): warning C4477:  'printf' : format string '%d' requires an argument of type 'int', but variadic argument 1 has type 'std::thread::id'
C:\Users\quang\OneDrive\Documents\GitHub\SpaceAventural\Program\Soloud\include\soloud.h(37,1): warning C4005:  'WIN32_LEAN_AND_MEAN': macro redefinition
C:\Users\quang\OneDrive\Documents\GitHub\SpaceAventural\Program\Include\AMD\EGL\eglplatform.h(67): message :  see previous definition of 'WIN32_LEAN_AND_MEAN'
C:\Users\quang\OneDrive\Documents\GitHub\SpaceAventural\Program\TrainingFramework\src\GameStates\GSSetting2.cpp(24,86): warning C4244:  'argument': conversion from 'int' to 'GLfloat', possible loss of data
C:\Users\quang\OneDrive\Documents\GitHub\SpaceAventural\Program\TrainingFramework\src\GameStates\GSSetting2.cpp(24,55): warning C4244:  'argument': conversion from 'int' to 'GLfloat', possible loss of data
C:\Users\quang\OneDrive\Documents\GitHub\SpaceAventural\Program\TrainingFramework\src\GameStates\GSSetting2.cpp(32,53): warning C4244:  'argument': conversion from 'int' to 'GLfloat', possible loss of data
C:\Users\quang\OneDrive\Documents\GitHub\SpaceAventural\Program\TrainingFramework\src\GameStates\GSSetting2.cpp(43,49): warning C4244:  'argument': conversion from 'int' to 'GLfloat', possible loss of data
C:\Users\quang\OneDrive\Documents\GitHub\SpaceAventural\Program\TrainingFramework\src\GameStates\GSSetting2.cpp(49,7): warning C4101:  'y': unreferenced local variable
C:\Users\quang\OneDrive\Documents\GitHub\SpaceAventural\Program\TrainingFramework\src\GameStates\GSSetting2.cpp(48,7): warning C4101:  'x': unreferenced local variable
C:\Users\quang\OneDrive\Documents\GitHub\SpaceAventural\Program\TrainingFramework\src\GameStates\GSSetting2.cpp(62,49): warning C4244:  'argument': conversion from 'int' to 'GLfloat', possible loss of data
C:\Users\quang\OneDrive\Documents\GitHub\SpaceAventural\Program\TrainingFramework\src\GameStates\GSSetting2.cpp(68,7): warning C4101:  'y': unreferenced local variable
C:\Users\quang\OneDrive\Documents\GitHub\SpaceAventural\Program\TrainingFramework\src\GameStates\GSSetting2.cpp(67,7): warning C4101:  'x': unreferenced local variable
C:\Users\quang\OneDrive\Documents\GitHub\SpaceAventural\Program\TrainingFramework\src\GameStates\GSSetting2.cpp(83,70): warning C4244:  'argument': conversion from 'int' to 'GLfloat', possible loss of data
C:\Program Files (x86)\Microsoft Visual Studio\2019\Professional\VC\Tools\MSVC\14.21.27702\include\memory(1527,71): warning C4244:  'argument': conversion from '_Ty' to 'float', possible loss of data
C:\Program Files (x86)\Microsoft Visual Studio\2019\Professional\VC\Tools\MSVC\14.21.27702\include\memory(1527,71): warning C4244:         with
C:\Program Files (x86)\Microsoft Visual Studio\2019\Professional\VC\Tools\MSVC\14.21.27702\include\memory(1527,71): warning C4244:         [
C:\Program Files (x86)\Microsoft Visual Studio\2019\Professional\VC\Tools\MSVC\14.21.27702\include\memory(1527,71): warning C4244:             _Ty=double
C:\Program Files (x86)\Microsoft Visual Studio\2019\Professional\VC\Tools\MSVC\14.21.27702\include\memory(1527,71): warning C4244:         ]
C:\Program Files (x86)\Microsoft Visual Studio\2019\Professional\VC\Tools\MSVC\14.21.27702\include\memory(1582): message :  see reference to function template instantiation 'std::_Ref_count_obj<_Ty>::_Ref_count_obj<std::shared_ptr<Shaders>&,std::shared_ptr<Font>&,const char(&)[8],TEXT_COLOR,double>(std::shared_ptr<Shaders> &,std::shared_ptr<Font> &,const char (&)[8],TEXT_COLOR &&,double &&)' being compiled
C:\Program Files (x86)\Microsoft Visual Studio\2019\Professional\VC\Tools\MSVC\14.21.27702\include\memory(1582): message :         with
C:\Program Files (x86)\Microsoft Visual Studio\2019\Professional\VC\Tools\MSVC\14.21.27702\include\memory(1582): message :         [
C:\Program Files (x86)\Microsoft Visual Studio\2019\Professional\VC\Tools\MSVC\14.21.27702\include\memory(1582): message :             _Ty=Text
C:\Program Files (x86)\Microsoft Visual Studio\2019\Professional\VC\Tools\MSVC\14.21.27702\include\memory(1582): message :         ]
C:\Program Files (x86)\Microsoft Visual Studio\2019\Professional\VC\Tools\MSVC\14.21.27702\include\memory(1582): message :  see reference to function template instantiation 'std::_Ref_count_obj<_Ty>::_Ref_count_obj<std::shared_ptr<Shaders>&,std::shared_ptr<Font>&,const char(&)[8],TEXT_COLOR,double>(std::shared_ptr<Shaders> &,std::shared_ptr<Font> &,const char (&)[8],TEXT_COLOR &&,double &&)' being compiled
C:\Program Files (x86)\Microsoft Visual Studio\2019\Professional\VC\Tools\MSVC\14.21.27702\include\memory(1582): message :         with
C:\Program Files (x86)\Microsoft Visual Studio\2019\Professional\VC\Tools\MSVC\14.21.27702\include\memory(1582): message :         [
C:\Program Files (x86)\Microsoft Visual Studio\2019\Professional\VC\Tools\MSVC\14.21.27702\include\memory(1582): message :             _Ty=Text
C:\Program Files (x86)\Microsoft Visual Studio\2019\Professional\VC\Tools\MSVC\14.21.27702\include\memory(1582): message :         ]
  GSSetting1.cpp
C:\Users\quang\OneDrive\Documents\GitHub\SpaceAventural\Program\TrainingFramework\src\GameStates\GSSetting2.cpp(82): message :  see reference to function template instantiation 'std::shared_ptr<Text> std::make_shared<Text,std::shared_ptr<Shaders>&,std::shared_ptr<Font>&,const char(&)[8],TEXT_COLOR,double>(std::shared_ptr<Shaders> &,std::shared_ptr<Font> &,const char (&)[8],TEXT_COLOR &&,double &&)' being compiled
C:\Users\quang\OneDrive\Documents\GitHub\SpaceAventural\Program\TrainingFramework\src\Helper\ThreadPool.h(37,13): warning C4477:  'printf' : format string '%d' requires an argument of type 'int', but variadic argument 1 has type 'std::thread::id'
C:\Users\quang\OneDrive\Documents\GitHub\SpaceAventural\Program\Soloud\include\soloud.h(37,1): warning C4005:  'WIN32_LEAN_AND_MEAN': macro redefinition
C:\Users\quang\OneDrive\Documents\GitHub\SpaceAventural\Program\Include\AMD\EGL\eglplatform.h(67): message :  see previous definition of 'WIN32_LEAN_AND_MEAN'
C:\Users\quang\OneDrive\Documents\GitHub\SpaceAventural\Program\TrainingFramework\src\GameStates\GSSetting1.cpp(24,86): warning C4244:  'argument': conversion from 'int' to 'GLfloat', possible loss of data
C:\Users\quang\OneDrive\Documents\GitHub\SpaceAventural\Program\TrainingFramework\src\GameStates\GSSetting1.cpp(24,55): warning C4244:  'argument': conversion from 'int' to 'GLfloat', possible loss of data
C:\Users\quang\OneDrive\Documents\GitHub\SpaceAventural\Program\TrainingFramework\src\GameStates\GSSetting1.cpp(32,53): warning C4244:  'argument': conversion from 'int' to 'GLfloat', possible loss of data
C:\Users\quang\OneDrive\Documents\GitHub\SpaceAventural\Program\TrainingFramework\src\GameStates\GSSetting1.cpp(43,49): warning C4244:  'argument': conversion from 'int' to 'GLfloat', possible loss of data
C:\Users\quang\OneDrive\Documents\GitHub\SpaceAventural\Program\TrainingFramework\src\GameStates\GSSetting1.cpp(49,7): warning C4101:  'y': unreferenced local variable
C:\Users\quang\OneDrive\Documents\GitHub\SpaceAventural\Program\TrainingFramework\src\GameStates\GSSetting1.cpp(48,7): warning C4101:  'x': unreferenced local variable
C:\Users\quang\OneDrive\Documents\GitHub\SpaceAventural\Program\TrainingFramework\src\GameStates\GSSetting1.cpp(62,49): warning C4244:  'argument': conversion from 'int' to 'GLfloat', possible loss of data
C:\Users\quang\OneDrive\Documents\GitHub\SpaceAventural\Program\TrainingFramework\src\GameStates\GSSetting1.cpp(68,7): warning C4101:  'y': unreferenced local variable
C:\Users\quang\OneDrive\Documents\GitHub\SpaceAventural\Program\TrainingFramework\src\GameStates\GSSetting1.cpp(67,7): warning C4101:  'x': unreferenced local variable
C:\Users\quang\OneDrive\Documents\GitHub\SpaceAventural\Program\TrainingFramework\src\GameStates\GSSetting1.cpp(83,70): warning C4244:  'argument': conversion from 'int' to 'GLfloat', possible loss of data
C:\Program Files (x86)\Microsoft Visual Studio\2019\Professional\VC\Tools\MSVC\14.21.27702\include\memory(1527,71): warning C4244:  'argument': conversion from '_Ty' to 'float', possible loss of data
C:\Program Files (x86)\Microsoft Visual Studio\2019\Professional\VC\Tools\MSVC\14.21.27702\include\memory(1527,71): warning C4244:         with
C:\Program Files (x86)\Microsoft Visual Studio\2019\Professional\VC\Tools\MSVC\14.21.27702\include\memory(1527,71): warning C4244:         [
C:\Program Files (x86)\Microsoft Visual Studio\2019\Professional\VC\Tools\MSVC\14.21.27702\include\memory(1527,71): warning C4244:             _Ty=double
C:\Program Files (x86)\Microsoft Visual Studio\2019\Professional\VC\Tools\MSVC\14.21.27702\include\memory(1527,71): warning C4244:         ]
C:\Program Files (x86)\Microsoft Visual Studio\2019\Professional\VC\Tools\MSVC\14.21.27702\include\memory(1582): message :  see reference to function template instantiation 'std::_Ref_count_obj<_Ty>::_Ref_count_obj<std::shared_ptr<Shaders>&,std::shared_ptr<Font>&,const char(&)[8],TEXT_COLOR,double>(std::shared_ptr<Shaders> &,std::shared_ptr<Font> &,const char (&)[8],TEXT_COLOR &&,double &&)' being compiled
C:\Program Files (x86)\Microsoft Visual Studio\2019\Professional\VC\Tools\MSVC\14.21.27702\include\memory(1582): message :         with
C:\Program Files (x86)\Microsoft Visual Studio\2019\Professional\VC\Tools\MSVC\14.21.27702\include\memory(1582): message :         [
C:\Program Files (x86)\Microsoft Visual Studio\2019\Professional\VC\Tools\MSVC\14.21.27702\include\memory(1582): message :             _Ty=Text
C:\Program Files (x86)\Microsoft Visual Studio\2019\Professional\VC\Tools\MSVC\14.21.27702\include\memory(1582): message :         ]
C:\Program Files (x86)\Microsoft Visual Studio\2019\Professional\VC\Tools\MSVC\14.21.27702\include\memory(1582): message :  see reference to function template instantiation 'std::_Ref_count_obj<_Ty>::_Ref_count_obj<std::shared_ptr<Shaders>&,std::shared_ptr<Font>&,const char(&)[8],TEXT_COLOR,double>(std::shared_ptr<Shaders> &,std::shared_ptr<Font> &,const char (&)[8],TEXT_COLOR &&,double &&)' being compiled
C:\Program Files (x86)\Microsoft Visual Studio\2019\Professional\VC\Tools\MSVC\14.21.27702\include\memory(1582): message :         with
C:\Program Files (x86)\Microsoft Visual Studio\2019\Professional\VC\Tools\MSVC\14.21.27702\include\memory(1582): message :         [
C:\Program Files (x86)\Microsoft Visual Studio\2019\Professional\VC\Tools\MSVC\14.21.27702\include\memory(1582): message :             _Ty=Text
C:\Program Files (x86)\Microsoft Visual Studio\2019\Professional\VC\Tools\MSVC\14.21.27702\include\memory(1582): message :         ]
  GSSetting.cpp
C:\Users\quang\OneDrive\Documents\GitHub\SpaceAventural\Program\TrainingFramework\src\GameStates\GSSetting1.cpp(82): message :  see reference to function template instantiation 'std::shared_ptr<Text> std::make_shared<Text,std::shared_ptr<Shaders>&,std::shared_ptr<Font>&,const char(&)[8],TEXT_COLOR,double>(std::shared_ptr<Shaders> &,std::shared_ptr<Font> &,const char (&)[8],TEXT_COLOR &&,double &&)' being compiled
C:\Users\quang\OneDrive\Documents\GitHub\SpaceAventural\Program\TrainingFramework\src\Helper\ThreadPool.h(37,13): warning C4477:  'printf' : format string '%d' requires an argument of type 'int', but variadic argument 1 has type 'std::thread::id'
C:\Users\quang\OneDrive\Documents\GitHub\SpaceAventural\Program\Soloud\include\soloud.h(37,1): warning C4005:  'WIN32_LEAN_AND_MEAN': macro redefinition
C:\Users\quang\OneDrive\Documents\GitHub\SpaceAventural\Program\Include\AMD\EGL\eglplatform.h(67): message :  see previous definition of 'WIN32_LEAN_AND_MEAN'
C:\Users\quang\OneDrive\Documents\GitHub\SpaceAventural\Program\TrainingFramework\src\GameStates\GSSetting.cpp(24,86): warning C4244:  'argument': conversion from 'int' to 'GLfloat', possible loss of data
C:\Users\quang\OneDrive\Documents\GitHub\SpaceAventural\Program\TrainingFramework\src\GameStates\GSSetting.cpp(24,55): warning C4244:  'argument': conversion from 'int' to 'GLfloat', possible loss of data
C:\Users\quang\OneDrive\Documents\GitHub\SpaceAventural\Program\TrainingFramework\src\GameStates\GSSetting.cpp(32,52): warning C4244:  'argument': conversion from 'int' to 'GLfloat', possible loss of data
C:\Users\quang\OneDrive\Documents\GitHub\SpaceAventural\Program\TrainingFramework\src\GameStates\GSSetting.cpp(43,49): warning C4244:  'argument': conversion from 'int' to 'GLfloat', possible loss of data
C:\Users\quang\OneDrive\Documents\GitHub\SpaceAventural\Program\TrainingFramework\src\GameStates\GSSetting.cpp(49,7): warning C4101:  'y': unreferenced local variable
C:\Users\quang\OneDrive\Documents\GitHub\SpaceAventural\Program\TrainingFramework\src\GameStates\GSSetting.cpp(48,7): warning C4101:  'x': unreferenced local variable
C:\Users\quang\OneDrive\Documents\GitHub\SpaceAventural\Program\TrainingFramework\src\GameStates\GSSetting.cpp(62,49): warning C4244:  'argument': conversion from 'int' to 'GLfloat', possible loss of data
C:\Users\quang\OneDrive\Documents\GitHub\SpaceAventural\Program\TrainingFramework\src\GameStates\GSSetting.cpp(68,7): warning C4101:  'y': unreferenced local variable
C:\Users\quang\OneDrive\Documents\GitHub\SpaceAventural\Program\TrainingFramework\src\GameStates\GSSetting.cpp(67,7): warning C4101:  'x': unreferenced local variable
C:\Users\quang\OneDrive\Documents\GitHub\SpaceAventural\Program\TrainingFramework\src\GameStates\GSSetting.cpp(83,70): warning C4244:  'argument': conversion from 'int' to 'GLfloat', possible loss of data
C:\Program Files (x86)\Microsoft Visual Studio\2019\Professional\VC\Tools\MSVC\14.21.27702\include\memory(1527,71): warning C4244:  'argument': conversion from '_Ty' to 'float', possible loss of data
C:\Program Files (x86)\Microsoft Visual Studio\2019\Professional\VC\Tools\MSVC\14.21.27702\include\memory(1527,71): warning C4244:         with
C:\Program Files (x86)\Microsoft Visual Studio\2019\Professional\VC\Tools\MSVC\14.21.27702\include\memory(1527,71): warning C4244:         [
C:\Program Files (x86)\Microsoft Visual Studio\2019\Professional\VC\Tools\MSVC\14.21.27702\include\memory(1527,71): warning C4244:             _Ty=double
C:\Program Files (x86)\Microsoft Visual Studio\2019\Professional\VC\Tools\MSVC\14.21.27702\include\memory(1527,71): warning C4244:         ]
C:\Program Files (x86)\Microsoft Visual Studio\2019\Professional\VC\Tools\MSVC\14.21.27702\include\memory(1582): message :  see reference to function template instantiation 'std::_Ref_count_obj<_Ty>::_Ref_count_obj<std::shared_ptr<Shaders>&,std::shared_ptr<Font>&,const char(&)[8],TEXT_COLOR,double>(std::shared_ptr<Shaders> &,std::shared_ptr<Font> &,const char (&)[8],TEXT_COLOR &&,double &&)' being compiled
C:\Program Files (x86)\Microsoft Visual Studio\2019\Professional\VC\Tools\MSVC\14.21.27702\include\memory(1582): message :         with
C:\Program Files (x86)\Microsoft Visual Studio\2019\Professional\VC\Tools\MSVC\14.21.27702\include\memory(1582): message :         [
C:\Program Files (x86)\Microsoft Visual Studio\2019\Professional\VC\Tools\MSVC\14.21.27702\include\memory(1582): message :             _Ty=Text
C:\Program Files (x86)\Microsoft Visual Studio\2019\Professional\VC\Tools\MSVC\14.21.27702\include\memory(1582): message :         ]
C:\Program Files (x86)\Microsoft Visual Studio\2019\Professional\VC\Tools\MSVC\14.21.27702\include\memory(1582): message :  see reference to function template instantiation 'std::_Ref_count_obj<_Ty>::_Ref_count_obj<std::shared_ptr<Shaders>&,std::shared_ptr<Font>&,const char(&)[8],TEXT_COLOR,double>(std::shared_ptr<Shaders> &,std::shared_ptr<Font> &,const char (&)[8],TEXT_COLOR &&,double &&)' being compiled
C:\Program Files (x86)\Microsoft Visual Studio\2019\Professional\VC\Tools\MSVC\14.21.27702\include\memory(1582): message :         with
C:\Program Files (x86)\Microsoft Visual Studio\2019\Professional\VC\Tools\MSVC\14.21.27702\include\memory(1582): message :         [
C:\Program Files (x86)\Microsoft Visual Studio\2019\Professional\VC\Tools\MSVC\14.21.27702\include\memory(1582): message :             _Ty=Text
C:\Program Files (x86)\Microsoft Visual Studio\2019\Professional\VC\Tools\MSVC\14.21.27702\include\memory(1582): message :         ]
  GSPlayagain1.cpp
C:\Users\quang\OneDrive\Documents\GitHub\SpaceAventural\Program\TrainingFramework\src\GameStates\GSSetting.cpp(82): message :  see reference to function template instantiation 'std::shared_ptr<Text> std::make_shared<Text,std::shared_ptr<Shaders>&,std::shared_ptr<Font>&,const char(&)[8],TEXT_COLOR,double>(std::shared_ptr<Shaders> &,std::shared_ptr<Font> &,const char (&)[8],TEXT_COLOR &&,double &&)' being compiled
C:\Users\quang\OneDrive\Documents\GitHub\SpaceAventural\Program\TrainingFramework\src\Helper\ThreadPool.h(37,13): warning C4477:  'printf' : format string '%d' requires an argument of type 'int', but variadic argument 1 has type 'std::thread::id'
C:\Users\quang\OneDrive\Documents\GitHub\SpaceAventural\Program\Soloud\include\soloud.h(37,1): warning C4005:  'WIN32_LEAN_AND_MEAN': macro redefinition
C:\Users\quang\OneDrive\Documents\GitHub\SpaceAventural\Program\Include\AMD\EGL\eglplatform.h(67): message :  see previous definition of 'WIN32_LEAN_AND_MEAN'
C:\Users\quang\OneDrive\Documents\GitHub\SpaceAventural\Program\TrainingFramework\src\GameStates\GSPlayagain1.cpp(24,86): warning C4244:  'argument': conversion from 'int' to 'GLfloat', possible loss of data
C:\Users\quang\OneDrive\Documents\GitHub\SpaceAventural\Program\TrainingFramework\src\GameStates\GSPlayagain1.cpp(24,55): warning C4244:  'argument': conversion from 'int' to 'GLfloat', possible loss of data
C:\Users\quang\OneDrive\Documents\GitHub\SpaceAventural\Program\TrainingFramework\src\GameStates\GSPlayagain1.cpp(31,53): warning C4244:  'argument': conversion from 'int' to 'GLfloat', possible loss of data
C:\Users\quang\OneDrive\Documents\GitHub\SpaceAventural\Program\TrainingFramework\src\GameStates\GSPlayagain1.cpp(42,53): warning C4244:  'argument': conversion from 'int' to 'GLfloat', possible loss of data
C:\Users\quang\OneDrive\Documents\GitHub\SpaceAventural\Program\TrainingFramework\src\GameStates\GSPlayagain1.cpp(57,70): warning C4244:  'argument': conversion from 'int' to 'GLfloat', possible loss of data
C:\Program Files (x86)\Microsoft Visual Studio\2019\Professional\VC\Tools\MSVC\14.21.27702\include\memory(1527,71): warning C4244:  'argument': conversion from '_Ty' to 'float', possible loss of data
C:\Program Files (x86)\Microsoft Visual Studio\2019\Professional\VC\Tools\MSVC\14.21.27702\include\memory(1527,71): warning C4244:         with
C:\Program Files (x86)\Microsoft Visual Studio\2019\Professional\VC\Tools\MSVC\14.21.27702\include\memory(1527,71): warning C4244:         [
C:\Program Files (x86)\Microsoft Visual Studio\2019\Professional\VC\Tools\MSVC\14.21.27702\include\memory(1527,71): warning C4244:             _Ty=double
C:\Program Files (x86)\Microsoft Visual Studio\2019\Professional\VC\Tools\MSVC\14.21.27702\include\memory(1527,71): warning C4244:         ]
C:\Program Files (x86)\Microsoft Visual Studio\2019\Professional\VC\Tools\MSVC\14.21.27702\include\memory(1582): message :  see reference to function template instantiation 'std::_Ref_count_obj<_Ty>::_Ref_count_obj<std::shared_ptr<Shaders>&,std::shared_ptr<Font>&,const char(&)[22],TEXT_COLOR,double>(std::shared_ptr<Shaders> &,std::shared_ptr<Font> &,const char (&)[22],TEXT_COLOR &&,double &&)' being compiled
C:\Program Files (x86)\Microsoft Visual Studio\2019\Professional\VC\Tools\MSVC\14.21.27702\include\memory(1582): message :         with
C:\Program Files (x86)\Microsoft Visual Studio\2019\Professional\VC\Tools\MSVC\14.21.27702\include\memory(1582): message :         [
C:\Program Files (x86)\Microsoft Visual Studio\2019\Professional\VC\Tools\MSVC\14.21.27702\include\memory(1582): message :             _Ty=Text
C:\Program Files (x86)\Microsoft Visual Studio\2019\Professional\VC\Tools\MSVC\14.21.27702\include\memory(1582): message :         ]
C:\Program Files (x86)\Microsoft Visual Studio\2019\Professional\VC\Tools\MSVC\14.21.27702\include\memory(1582): message :  see reference to function template instantiation 'std::_Ref_count_obj<_Ty>::_Ref_count_obj<std::shared_ptr<Shaders>&,std::shared_ptr<Font>&,const char(&)[22],TEXT_COLOR,double>(std::shared_ptr<Shaders> &,std::shared_ptr<Font> &,const char (&)[22],TEXT_COLOR &&,double &&)' being compiled
C:\Program Files (x86)\Microsoft Visual Studio\2019\Professional\VC\Tools\MSVC\14.21.27702\include\memory(1582): message :         with
C:\Program Files (x86)\Microsoft Visual Studio\2019\Professional\VC\Tools\MSVC\14.21.27702\include\memory(1582): message :         [
C:\Program Files (x86)\Microsoft Visual Studio\2019\Professional\VC\Tools\MSVC\14.21.27702\include\memory(1582): message :             _Ty=Text
C:\Program Files (x86)\Microsoft Visual Studio\2019\Professional\VC\Tools\MSVC\14.21.27702\include\memory(1582): message :         ]
  GSPlayagain.cpp
C:\Users\quang\OneDrive\Documents\GitHub\SpaceAventural\Program\TrainingFramework\src\GameStates\GSPlayagain1.cpp(56): message :  see reference to function template instantiation 'std::shared_ptr<Text> std::make_shared<Text,std::shared_ptr<Shaders>&,std::shared_ptr<Font>&,const char(&)[22],TEXT_COLOR,double>(std::shared_ptr<Shaders> &,std::shared_ptr<Font> &,const char (&)[22],TEXT_COLOR &&,double &&)' being compiled
C:\Users\quang\OneDrive\Documents\GitHub\SpaceAventural\Program\TrainingFramework\src\Helper\ThreadPool.h(37,13): warning C4477:  'printf' : format string '%d' requires an argument of type 'int', but variadic argument 1 has type 'std::thread::id'
C:\Users\quang\OneDrive\Documents\GitHub\SpaceAventural\Program\Soloud\include\soloud.h(37,1): warning C4005:  'WIN32_LEAN_AND_MEAN': macro redefinition
C:\Users\quang\OneDrive\Documents\GitHub\SpaceAventural\Program\Include\AMD\EGL\eglplatform.h(67): message :  see previous definition of 'WIN32_LEAN_AND_MEAN'
C:\Users\quang\OneDrive\Documents\GitHub\SpaceAventural\Program\TrainingFramework\src\GameStates\GSPlayagain.cpp(24,86): warning C4244:  'argument': conversion from 'int' to 'GLfloat', possible loss of data
C:\Users\quang\OneDrive\Documents\GitHub\SpaceAventural\Program\TrainingFramework\src\GameStates\GSPlayagain.cpp(24,55): warning C4244:  'argument': conversion from 'int' to 'GLfloat', possible loss of data
C:\Users\quang\OneDrive\Documents\GitHub\SpaceAventural\Program\TrainingFramework\src\GameStates\GSPlayagain.cpp(31,52): warning C4244:  'argument': conversion from 'int' to 'GLfloat', possible loss of data
C:\Users\quang\OneDrive\Documents\GitHub\SpaceAventural\Program\TrainingFramework\src\GameStates\GSPlayagain.cpp(42,52): warning C4244:  'argument': conversion from 'int' to 'GLfloat', possible loss of data
C:\Users\quang\OneDrive\Documents\GitHub\SpaceAventural\Program\TrainingFramework\src\GameStates\GSPlayagain.cpp(57,70): warning C4244:  'argument': conversion from 'int' to 'GLfloat', possible loss of data
C:\Program Files (x86)\Microsoft Visual Studio\2019\Professional\VC\Tools\MSVC\14.21.27702\include\memory(1527,71): warning C4244:  'argument': conversion from '_Ty' to 'float', possible loss of data
C:\Program Files (x86)\Microsoft Visual Studio\2019\Professional\VC\Tools\MSVC\14.21.27702\include\memory(1527,71): warning C4244:         with
C:\Program Files (x86)\Microsoft Visual Studio\2019\Professional\VC\Tools\MSVC\14.21.27702\include\memory(1527,71): warning C4244:         [
C:\Program Files (x86)\Microsoft Visual Studio\2019\Professional\VC\Tools\MSVC\14.21.27702\include\memory(1527,71): warning C4244:             _Ty=double
C:\Program Files (x86)\Microsoft Visual Studio\2019\Professional\VC\Tools\MSVC\14.21.27702\include\memory(1527,71): warning C4244:         ]
C:\Program Files (x86)\Microsoft Visual Studio\2019\Professional\VC\Tools\MSVC\14.21.27702\include\memory(1582): message :  see reference to function template instantiation 'std::_Ref_count_obj<_Ty>::_Ref_count_obj<std::shared_ptr<Shaders>&,std::shared_ptr<Font>&,const char(&)[13],TEXT_COLOR,double>(std::shared_ptr<Shaders> &,std::shared_ptr<Font> &,const char (&)[13],TEXT_COLOR &&,double &&)' being compiled
C:\Program Files (x86)\Microsoft Visual Studio\2019\Professional\VC\Tools\MSVC\14.21.27702\include\memory(1582): message :         with
C:\Program Files (x86)\Microsoft Visual Studio\2019\Professional\VC\Tools\MSVC\14.21.27702\include\memory(1582): message :         [
C:\Program Files (x86)\Microsoft Visual Studio\2019\Professional\VC\Tools\MSVC\14.21.27702\include\memory(1582): message :             _Ty=Text
C:\Program Files (x86)\Microsoft Visual Studio\2019\Professional\VC\Tools\MSVC\14.21.27702\include\memory(1582): message :         ]
C:\Program Files (x86)\Microsoft Visual Studio\2019\Professional\VC\Tools\MSVC\14.21.27702\include\memory(1582): message :  see reference to function template instantiation 'std::_Ref_count_obj<_Ty>::_Ref_count_obj<std::shared_ptr<Shaders>&,std::shared_ptr<Font>&,const char(&)[13],TEXT_COLOR,double>(std::shared_ptr<Shaders> &,std::shared_ptr<Font> &,const char (&)[13],TEXT_COLOR &&,double &&)' being compiled
C:\Program Files (x86)\Microsoft Visual Studio\2019\Professional\VC\Tools\MSVC\14.21.27702\include\memory(1582): message :         with
C:\Program Files (x86)\Microsoft Visual Studio\2019\Professional\VC\Tools\MSVC\14.21.27702\include\memory(1582): message :         [
C:\Program Files (x86)\Microsoft Visual Studio\2019\Professional\VC\Tools\MSVC\14.21.27702\include\memory(1582): message :             _Ty=Text
C:\Program Files (x86)\Microsoft Visual Studio\2019\Professional\VC\Tools\MSVC\14.21.27702\include\memory(1582): message :         ]
  GSPlay.cpp
C:\Users\quang\OneDrive\Documents\GitHub\SpaceAventural\Program\TrainingFramework\src\GameStates\GSPlayagain.cpp(56): message :  see reference to function template instantiation 'std::shared_ptr<Text> std::make_shared<Text,std::shared_ptr<Shaders>&,std::shared_ptr<Font>&,const char(&)[13],TEXT_COLOR,double>(std::shared_ptr<Shaders> &,std::shared_ptr<Font> &,const char (&)[13],TEXT_COLOR &&,double &&)' being compiled
C:\Users\quang\OneDrive\Documents\GitHub\SpaceAventural\Program\TrainingFramework\src\Helper\ThreadPool.h(37,13): warning C4477:  'printf' : format string '%d' requires an argument of type 'int', but variadic argument 1 has type 'std::thread::id'
C:\Users\quang\OneDrive\Documents\GitHub\SpaceAventural\Program\Soloud\include\soloud.h(37,1): warning C4005:  'WIN32_LEAN_AND_MEAN': macro redefinition
C:\Users\quang\OneDrive\Documents\GitHub\SpaceAventural\Program\Include\AMD\EGL\eglplatform.h(67): message :  see previous definition of 'WIN32_LEAN_AND_MEAN'
C:\Users\quang\OneDrive\Documents\GitHub\SpaceAventural\Program\TrainingFramework\src\GameStates\GSPlay.cpp(24,23): warning C4305:  '=': truncation from 'double' to 'float'
C:\Users\quang\OneDrive\Documents\GitHub\SpaceAventural\Program\TrainingFramework\src\GameStates\GSPlay.cpp(26,23): warning C4305:  '=': truncation from 'double' to 'float'
C:\Users\quang\OneDrive\Documents\GitHub\SpaceAventural\Program\TrainingFramework\src\GameStates\GSPlay.cpp(46,86): warning C4244:  'argument': conversion from 'int' to 'GLfloat', possible loss of data
C:\Users\quang\OneDrive\Documents\GitHub\SpaceAventural\Program\TrainingFramework\src\GameStates\GSPlay.cpp(46,55): warning C4244:  'argument': conversion from 'int' to 'GLfloat', possible loss of data
C:\Users\quang\OneDrive\Documents\GitHub\SpaceAventural\Program\TrainingFramework\src\GameStates\GSPlay.cpp(54,82): warning C4244:  'argument': conversion from 'int' to 'GLfloat', possible loss of data
C:\Users\quang\OneDrive\Documents\GitHub\SpaceAventural\Program\TrainingFramework\src\GameStates\GSPlay.cpp(54,51): warning C4244:  'argument': conversion from 'int' to 'GLfloat', possible loss of data
C:\Users\quang\OneDrive\Documents\GitHub\SpaceAventural\Program\TrainingFramework\src\GameStates\GSPlay.cpp(55,92): warning C4244:  'argument': conversion from 'int' to 'GLfloat', possible loss of data
C:\Users\quang\OneDrive\Documents\GitHub\SpaceAventural\Program\TrainingFramework\src\GameStates\GSPlay.cpp(55,61): warning C4244:  'argument': conversion from 'int' to 'GLfloat', possible loss of data
C:\Users\quang\OneDrive\Documents\GitHub\SpaceAventural\Program\TrainingFramework\src\GameStates\GSPlay.cpp(141,39): warning C4244:  'argument': conversion from 'int' to 'GLfloat', possible loss of data
C:\Users\quang\OneDrive\Documents\GitHub\SpaceAventural\Program\TrainingFramework\src\GameStates\GSPlay.cpp(141,36): warning C4244:  'argument': conversion from 'int' to 'GLfloat', possible loss of data
C:\Users\quang\OneDrive\Documents\GitHub\SpaceAventural\Program\TrainingFramework\src\GameStates\GSPlay.cpp(162,24): warning C4305:  '=': truncation from 'double' to 'float'
C:\Users\quang\OneDrive\Documents\GitHub\SpaceAventural\Program\TrainingFramework\src\GameStates\GSPlay.cpp(172,25): warning C4305:  '=': truncation from 'double' to 'float'
C:\Users\quang\OneDrive\Documents\GitHub\SpaceAventural\Program\TrainingFramework\src\GameStates\GSPlay.cpp(182,25): warning C4305:  '=': truncation from 'double' to 'float'
C:\Users\quang\OneDrive\Documents\GitHub\SpaceAventural\Program\TrainingFramework\src\GameStates\GSPlay.cpp(384,35): warning C4244:  '=': conversion from 'int' to 'GLfloat', possible loss of data
C:\Users\quang\OneDrive\Documents\GitHub\SpaceAventural\Program\TrainingFramework\src\GameStates\GSPlay.cpp(410,10): warning C4244:  '=': conversion from 'int' to 'GLfloat', possible loss of data
C:\Users\quang\OneDrive\Documents\GitHub\SpaceAventural\Program\TrainingFramework\src\GameStates\GSPlay.cpp(423,36): warning C4244:  '=': conversion from 'int' to 'GLfloat', possible loss of data
C:\Users\quang\OneDrive\Documents\GitHub\SpaceAventural\Program\TrainingFramework\src\GameStates\GSPlay.cpp(450,10): warning C4244:  '=': conversion from 'int' to 'GLfloat', possible loss of data
C:\Users\quang\OneDrive\Documents\GitHub\SpaceAventural\Program\TrainingFramework\src\GameStates\GSPlay.cpp(479,10): warning C4244:  '=': conversion from 'int' to 'GLfloat', possible loss of data
C:\Program Files (x86)\Microsoft Visual Studio\2019\Professional\VC\Tools\MSVC\14.21.27702\include\memory(1527,71): warning C4244:  'argument': conversion from '_Ty' to 'float', possible loss of data
C:\Program Files (x86)\Microsoft Visual Studio\2019\Professional\VC\Tools\MSVC\14.21.27702\include\memory(1527,71): warning C4244:         with
C:\Program Files (x86)\Microsoft Visual Studio\2019\Professional\VC\Tools\MSVC\14.21.27702\include\memory(1527,71): warning C4244:         [
C:\Program Files (x86)\Microsoft Visual Studio\2019\Professional\VC\Tools\MSVC\14.21.27702\include\memory(1527,71): warning C4244:             _Ty=double
C:\Program Files (x86)\Microsoft Visual Studio\2019\Professional\VC\Tools\MSVC\14.21.27702\include\memory(1527,71): warning C4244:         ]
C:\Program Files (x86)\Microsoft Visual Studio\2019\Professional\VC\Tools\MSVC\14.21.27702\include\memory(1582): message :  see reference to function template instantiation 'std::_Ref_count_obj<_Ty>::_Ref_count_obj<std::shared_ptr<Shaders>&,std::shared_ptr<Font>&,const char(&)[8],TEXT_COLOR,double>(std::shared_ptr<Shaders> &,std::shared_ptr<Font> &,const char (&)[8],TEXT_COLOR &&,double &&)' being compiled
C:\Program Files (x86)\Microsoft Visual Studio\2019\Professional\VC\Tools\MSVC\14.21.27702\include\memory(1582): message :         with
C:\Program Files (x86)\Microsoft Visual Studio\2019\Professional\VC\Tools\MSVC\14.21.27702\include\memory(1582): message :         [
C:\Program Files (x86)\Microsoft Visual Studio\2019\Professional\VC\Tools\MSVC\14.21.27702\include\memory(1582): message :             _Ty=Text
C:\Program Files (x86)\Microsoft Visual Studio\2019\Professional\VC\Tools\MSVC\14.21.27702\include\memory(1582): message :         ]
C:\Program Files (x86)\Microsoft Visual Studio\2019\Professional\VC\Tools\MSVC\14.21.27702\include\memory(1582): message :  see reference to function template instantiation 'std::_Ref_count_obj<_Ty>::_Ref_count_obj<std::shared_ptr<Shaders>&,std::shared_ptr<Font>&,const char(&)[8],TEXT_COLOR,double>(std::shared_ptr<Shaders> &,std::shared_ptr<Font> &,const char (&)[8],TEXT_COLOR &&,double &&)' being compiled
C:\Program Files (x86)\Microsoft Visual Studio\2019\Professional\VC\Tools\MSVC\14.21.27702\include\memory(1582): message :         with
C:\Program Files (x86)\Microsoft Visual Studio\2019\Professional\VC\Tools\MSVC\14.21.27702\include\memory(1582): message :         [
C:\Program Files (x86)\Microsoft Visual Studio\2019\Professional\VC\Tools\MSVC\14.21.27702\include\memory(1582): message :             _Ty=Text
C:\Program Files (x86)\Microsoft Visual Studio\2019\Professional\VC\Tools\MSVC\14.21.27702\include\memory(1582): message :         ]
  GSMenu.cpp
C:\Users\quang\OneDrive\Documents\GitHub\SpaceAventural\Program\TrainingFramework\src\GameStates\GSPlay.cpp(63): message :  see reference to function template instantiation 'std::shared_ptr<Text> std::make_shared<Text,std::shared_ptr<Shaders>&,std::shared_ptr<Font>&,const char(&)[8],TEXT_COLOR,double>(std::shared_ptr<Shaders> &,std::shared_ptr<Font> &,const char (&)[8],TEXT_COLOR &&,double &&)' being compiled
C:\Users\quang\OneDrive\Documents\GitHub\SpaceAventural\Program\TrainingFramework\src\Helper\ThreadPool.h(37,13): warning C4477:  'printf' : format string '%d' requires an argument of type 'int', but variadic argument 1 has type 'std::thread::id'
C:\Users\quang\OneDrive\Documents\GitHub\SpaceAventural\Program\Soloud\include\soloud.h(37,1): warning C4005:  'WIN32_LEAN_AND_MEAN': macro redefinition
C:\Users\quang\OneDrive\Documents\GitHub\SpaceAventural\Program\Include\AMD\EGL\eglplatform.h(67): message :  see previous definition of 'WIN32_LEAN_AND_MEAN'
C:\Users\quang\OneDrive\Documents\GitHub\SpaceAventural\Program\TrainingFramework\src\GameStates\GSMenu.cpp(24,86): warning C4244:  'argument': conversion from 'int' to 'GLfloat', possible loss of data
C:\Users\quang\OneDrive\Documents\GitHub\SpaceAventural\Program\TrainingFramework\src\GameStates\GSMenu.cpp(24,55): warning C4244:  'argument': conversion from 'int' to 'GLfloat', possible loss of data
C:\Users\quang\OneDrive\Documents\GitHub\SpaceAventural\Program\TrainingFramework\src\GameStates\GSMenu.cpp(31,49): warning C4244:  'argument': conversion from 'int' to 'GLfloat', possible loss of data
C:\Users\quang\OneDrive\Documents\GitHub\SpaceAventural\Program\TrainingFramework\src\GameStates\GSMenu.cpp(43,49): warning C4244:  'argument': conversion from 'int' to 'GLfloat', possible loss of data
C:\Users\quang\OneDrive\Documents\GitHub\SpaceAventural\Program\TrainingFramework\src\GameStates\GSMenu.cpp(83,49): warning C4244:  'argument': conversion from 'int' to 'GLfloat', possible loss of data
C:\Users\quang\OneDrive\Documents\GitHub\SpaceAventural\Program\TrainingFramework\src\GameStates\GSMenu.cpp(97,69): warning C4244:  'argument': conversion from 'int' to 'GLfloat', possible loss of data
C:\Program Files (x86)\Microsoft Visual Studio\2019\Professional\VC\Tools\MSVC\14.21.27702\include\memory(1527,71): warning C4244:  'argument': conversion from '_Ty' to 'float', possible loss of data
C:\Program Files (x86)\Microsoft Visual Studio\2019\Professional\VC\Tools\MSVC\14.21.27702\include\memory(1527,71): warning C4244:         with
C:\Program Files (x86)\Microsoft Visual Studio\2019\Professional\VC\Tools\MSVC\14.21.27702\include\memory(1527,71): warning C4244:         [
C:\Program Files (x86)\Microsoft Visual Studio\2019\Professional\VC\Tools\MSVC\14.21.27702\include\memory(1527,71): warning C4244:             _Ty=double
C:\Program Files (x86)\Microsoft Visual Studio\2019\Professional\VC\Tools\MSVC\14.21.27702\include\memory(1527,71): warning C4244:         ]
C:\Program Files (x86)\Microsoft Visual Studio\2019\Professional\VC\Tools\MSVC\14.21.27702\include\memory(1582): message :  see reference to function template instantiation 'std::_Ref_count_obj<_Ty>::_Ref_count_obj<std::shared_ptr<Shaders>&,std::shared_ptr<Font>&,const char(&)[16],TEXT_COLOR,double>(std::shared_ptr<Shaders> &,std::shared_ptr<Font> &,const char (&)[16],TEXT_COLOR &&,double &&)' being compiled
C:\Program Files (x86)\Microsoft Visual Studio\2019\Professional\VC\Tools\MSVC\14.21.27702\include\memory(1582): message :         with
C:\Program Files (x86)\Microsoft Visual Studio\2019\Professional\VC\Tools\MSVC\14.21.27702\include\memory(1582): message :         [
C:\Program Files (x86)\Microsoft Visual Studio\2019\Professional\VC\Tools\MSVC\14.21.27702\include\memory(1582): message :             _Ty=Text
C:\Program Files (x86)\Microsoft Visual Studio\2019\Professional\VC\Tools\MSVC\14.21.27702\include\memory(1582): message :         ]
C:\Program Files (x86)\Microsoft Visual Studio\2019\Professional\VC\Tools\MSVC\14.21.27702\include\memory(1582): message :  see reference to function template instantiation 'std::_Ref_count_obj<_Ty>::_Ref_count_obj<std::shared_ptr<Shaders>&,std::shared_ptr<Font>&,const char(&)[16],TEXT_COLOR,double>(std::shared_ptr<Shaders> &,std::shared_ptr<Font> &,const char (&)[16],TEXT_COLOR &&,double &&)' being compiled
C:\Program Files (x86)\Microsoft Visual Studio\2019\Professional\VC\Tools\MSVC\14.21.27702\include\memory(1582): message :         with
C:\Program Files (x86)\Microsoft Visual Studio\2019\Professional\VC\Tools\MSVC\14.21.27702\include\memory(1582): message :         [
C:\Program Files (x86)\Microsoft Visual Studio\2019\Professional\VC\Tools\MSVC\14.21.27702\include\memory(1582): message :             _Ty=Text
C:\Program Files (x86)\Microsoft Visual Studio\2019\Professional\VC\Tools\MSVC\14.21.27702\include\memory(1582): message :         ]
  GSIntro.cpp
C:\Users\quang\OneDrive\Documents\GitHub\SpaceAventural\Program\TrainingFramework\src\GameStates\GSMenu.cpp(96): message :  see reference to function template instantiation 'std::shared_ptr<Text> std::make_shared<Text,std::shared_ptr<Shaders>&,std::shared_ptr<Font>&,const char(&)[16],TEXT_COLOR,double>(std::shared_ptr<Shaders> &,std::shared_ptr<Font> &,const char (&)[16],TEXT_COLOR &&,double &&)' being compiled
C:\Users\quang\OneDrive\Documents\GitHub\SpaceAventural\Program\TrainingFramework\src\Helper\ThreadPool.h(37,13): warning C4477:  'printf' : format string '%d' requires an argument of type 'int', but variadic argument 1 has type 'std::thread::id'
C:\Users\quang\OneDrive\Documents\GitHub\SpaceAventural\Program\Soloud\include\soloud.h(37,1): warning C4005:  'WIN32_LEAN_AND_MEAN': macro redefinition
C:\Users\quang\OneDrive\Documents\GitHub\SpaceAventural\Program\Include\AMD\EGL\eglplatform.h(67): message :  see previous definition of 'WIN32_LEAN_AND_MEAN'
C:\Users\quang\OneDrive\Documents\GitHub\SpaceAventural\Program\TrainingFramework\src\GameStates\GSIntro.cpp(22,86): warning C4244:  'argument': conversion from 'int' to 'GLfloat', possible loss of data
  GameStateMachine.cpp
C:\Users\quang\OneDrive\Documents\GitHub\SpaceAventural\Program\TrainingFramework\src\GameStates\GSIntro.cpp(22,55): warning C4244:  'argument': conversion from 'int' to 'GLfloat', possible loss of data
C:\Users\quang\OneDrive\Documents\GitHub\SpaceAventural\Program\TrainingFramework\src\Helper\ThreadPool.h(37,13): warning C4477:  'printf' : format string '%d' requires an argument of type 'int', but variadic argument 1 has type 'std::thread::id'
C:\Users\quang\OneDrive\Documents\GitHub\SpaceAventural\Program\Soloud\include\soloud.h(37,1): warning C4005:  'WIN32_LEAN_AND_MEAN': macro redefinition
  GameStatebase.cpp
C:\Users\quang\OneDrive\Documents\GitHub\SpaceAventural\Program\Include\AMD\EGL\eglplatform.h(67): message :  see previous definition of 'WIN32_LEAN_AND_MEAN'
C:\Users\quang\OneDrive\Documents\GitHub\SpaceAventural\Program\TrainingFramework\src\Helper\ThreadPool.h(37,13): warning C4477:  'printf' : format string '%d' requires an argument of type 'int', but variadic argument 1 has type 'std::thread::id'
C:\Users\quang\OneDrive\Documents\GitHub\SpaceAventural\Program\Soloud\include\soloud.h(37,1): warning C4005:  'WIN32_LEAN_AND_MEAN': macro redefinition
  UFO.cpp
C:\Users\quang\OneDrive\Documents\GitHub\SpaceAventural\Program\Include\AMD\EGL\eglplatform.h(67): message :  see previous definition of 'WIN32_LEAN_AND_MEAN'
C:\Users\quang\OneDrive\Documents\GitHub\SpaceAventural\Program\TrainingFramework\src\Helper\ThreadPool.h(37,13): warning C4477:  'printf' : format string '%d' requires an argument of type 'int', but variadic argument 1 has type 'std::thread::id'
C:\Users\quang\OneDrive\Documents\GitHub\SpaceAventural\Program\Soloud\include\soloud.h(37,1): warning C4005:  'WIN32_LEAN_AND_MEAN': macro redefinition
C:\Users\quang\OneDrive\Documents\GitHub\SpaceAventural\Program\Include\AMD\EGL\eglplatform.h(67): message :  see previous definition of 'WIN32_LEAN_AND_MEAN'
C:\Users\quang\OneDrive\Documents\GitHub\SpaceAventural\Program\TrainingFramework\src\GameObject\UFO.cpp(10,21): warning C4305:  '=': truncation from 'double' to 'float'
C:\Users\quang\OneDrive\Documents\GitHub\SpaceAventural\Program\TrainingFramework\src\GameObject\UFO.cpp(47,18): warning C4552:  '+': result of expression not used
  Texture.cpp
C:\Users\quang\OneDrive\Documents\GitHub\SpaceAventural\Program\TrainingFramework\src\GameObject\UFO.cpp(168,34): warning C4244:  '-=': conversion from 'float' to 'int', possible loss of data
C:\Users\quang\OneDrive\Documents\GitHub\SpaceAventural\Program\TrainingFramework\src\GameObject\Texture.cpp(26,29): warning C4244:  'argument': conversion from 'GLint' to 'GLfloat', possible loss of data
  Text.cpp
C:\Users\quang\OneDrive\Documents\GitHub\SpaceAventural\Program\TrainingFramework\src\GameObject\Texture.cpp(26,26): warning C4244:  'argument': conversion from 'GLint' to 'GLfloat', possible loss of data
C:\Users\quang\OneDrive\Documents\GitHub\SpaceAventural\Program\TrainingFramework\src\GameObject\Text.cpp(22,11): warning C4244:  'initializing': conversion from 'double' to 'float', possible loss of data
C:\Users\quang\OneDrive\Documents\GitHub\SpaceAventural\Program\TrainingFramework\src\GameObject\Text.cpp(23,11): warning C4244:  'initializing': conversion from 'double' to 'float', possible loss of data
C:\Users\quang\OneDrive\Documents\GitHub\SpaceAventural\Program\TrainingFramework\src\GameObject\Text.cpp(169,11): warning C4244:  'initializing': conversion from 'double' to 'float', possible loss of data
C:\Users\quang\OneDrive\Documents\GitHub\SpaceAventural\Program\TrainingFramework\src\GameObject\Text.cpp(170,11): warning C4244:  'initializing': conversion from 'double' to 'float', possible loss of data
C:\Users\quang\OneDrive\Documents\GitHub\SpaceAventural\Program\TrainingFramework\src\GameObject\Text.cpp(180,11): warning C4244:  'initializing': conversion from 'double' to 'float', possible loss of data
  SpriteSheet.cpp
C:\Users\quang\OneDrive\Documents\GitHub\SpaceAventural\Program\TrainingFramework\src\GameObject\Text.cpp(181,11): warning C4244:  'initializing': conversion from 'double' to 'float', possible loss of data
C:\Users\quang\OneDrive\Documents\GitHub\SpaceAventural\Program\TrainingFramework\src\GameObject\SpriteSheet.cpp(41,33): warning C4244:  '=': conversion from 'int' to 'GLfloat', possible loss of data
C:\Users\quang\OneDrive\Documents\GitHub\SpaceAventural\Program\TrainingFramework\src\GameObject\SpriteSheet.cpp(42,33): warning C4244:  '=': conversion from 'int' to 'GLfloat', possible loss of data
C:\Users\quang\OneDrive\Documents\GitHub\SpaceAventural\Program\TrainingFramework\src\GameObject\SpriteSheet.cpp(118,24): warning C4244:  'argument': conversion from 'int' to 'GLfloat', possible loss of data
C:\Users\quang\OneDrive\Documents\GitHub\SpaceAventural\Program\TrainingFramework\src\GameObject\SpriteSheet.cpp(118,16): warning C4244:  'argument': conversion from 'int' to 'GLfloat', possible loss of data
C:\Users\quang\OneDrive\Documents\GitHub\SpaceAventural\Program\TrainingFramework\src\GameObject\SpriteSheet.cpp(173,11): warning C4244:  'initializing': conversion from 'double' to 'float', possible loss of data
C:\Users\quang\OneDrive\Documents\GitHub\SpaceAventural\Program\TrainingFramework\src\GameObject\SpriteSheet.cpp(174,11): warning C4244:  'initializing': conversion from 'double' to 'float', possible loss of data
C:\Users\quang\OneDrive\Documents\GitHub\SpaceAventural\Program\TrainingFramework\src\GameObject\SpriteSheet.cpp(184,11): warning C4244:  'initializing': conversion from 'double' to 'float', possible loss of data
C:\Users\quang\OneDrive\Documents\GitHub\SpaceAventural\Program\TrainingFramework\src\GameObject\SpriteSheet.cpp(185,11): warning C4244:  'initializing': conversion from 'double' to 'float', possible loss of data
C:\Users\quang\OneDrive\Documents\GitHub\SpaceAventural\Program\TrainingFramework\src\GameObject\SpriteSheet.cpp(199,15): warning C4244:  '=': conversion from 'GLint' to 'GLfloat', possible loss of data
  Shaders.cpp
  Models.cpp
C:\Users\quang\OneDrive\Documents\GitHub\SpaceAventural\Program\TrainingFramework\src\GameObject\SpriteSheet.cpp(200,15): warning C4244:  '=': conversion from 'GLint' to 'GLfloat', possible loss of data
C:\Users\quang\OneDrive\Documents\GitHub\SpaceAventural\Program\TrainingFramework\src\GameObject\Models.cpp(25,18): warning C4244:  'initializing': conversion from 'std::streamoff' to 'size_t', possible loss of data
C:\Users\quang\OneDrive\Documents\GitHub\SpaceAventural\Program\TrainingFramework\src\GameObject\Models.cpp(35,1): warning C4996:  'sscanf': This function or variable may be unsafe. Consider using sscanf_s instead. To disable deprecation, use _CRT_SECURE_NO_WARNINGS. See online help for details.
C:\Program Files (x86)\Windows Kits\10\Include\10.0.18362.0\ucrt\stdio.h(2263): message :  see declaration of 'sscanf'
C:\Users\quang\OneDrive\Documents\GitHub\SpaceAventural\Program\TrainingFramework\src\GameObject\Models.cpp(40,1): warning C4996:  'sscanf': This function or variable may be unsafe. Consider using sscanf_s instead. To disable deprecation, use _CRT_SECURE_NO_WARNINGS. See online help for details.
C:\Program Files (x86)\Windows Kits\10\Include\10.0.18362.0\ucrt\stdio.h(2263): message :  see declaration of 'sscanf'
C:\Users\quang\OneDrive\Documents\GitHub\SpaceAventural\Program\TrainingFramework\src\GameObject\Models.cpp(62,1): warning C4996:  'sscanf': This function or variable may be unsafe. Consider using sscanf_s instead. To disable deprecation, use _CRT_SECURE_NO_WARNINGS. See online help for details.
C:\Program Files (x86)\Windows Kits\10\Include\10.0.18362.0\ucrt\stdio.h(2263): message :  see declaration of 'sscanf'
C:\Users\quang\OneDrive\Documents\GitHub\SpaceAventural\Program\TrainingFramework\src\GameObject\Models.cpp(68,1): warning C4996:  'sscanf': This function or variable may be unsafe. Consider using sscanf_s instead. To disable deprecation, use _CRT_SECURE_NO_WARNINGS. See online help for details.
  Sprite3D.cpp
  Camera.cpp
  Generating Code...
  Compiling...
  Sprite2D.cpp
C:\Program Files (x86)\Windows Kits\10\Include\10.0.18362.0\ucrt\stdio.h(2263): message :  see declaration of 'sscanf'
C:\Users\quang\OneDrive\Documents\GitHub\SpaceAventural\Program\TrainingFramework\src\GameObject\Sprite2D.cpp(146,11): warning C4244:  'initializing': conversion from 'double' to 'float', possible loss of data
C:\Users\quang\OneDrive\Documents\GitHub\SpaceAventural\Program\TrainingFramework\src\GameObject\Sprite2D.cpp(147,11): warning C4244:  'initializing': conversion from 'double' to 'float', possible loss of data
C:\Users\quang\OneDrive\Documents\GitHub\SpaceAventural\Program\TrainingFramework\src\GameObject\Sprite2D.cpp(157,11): warning C4244:  'initializing': conversion from 'double' to 'float', possible loss of data
C:\Users\quang\OneDrive\Documents\GitHub\SpaceAventural\Program\TrainingFramework\src\GameObject\Sprite2D.cpp(158,11): warning C4244:  'initializing': conversion from 'double' to 'float', possible loss of data
C:\Users\quang\OneDrive\Documents\GitHub\SpaceAventural\Program\TrainingFramework\src\GameObject\Sprite2D.cpp(172,15): warning C4244:  '=': conversion from 'GLint' to 'GLfloat', possible loss of data
  Player.cpp
C:\Users\quang\OneDrive\Documents\GitHub\SpaceAventural\Program\TrainingFramework\src\GameObject\Sprite2D.cpp(173,15): warning C4244:  '=': conversion from 'GLint' to 'GLfloat', possible loss of data
C:\Users\quang\OneDrive\Documents\GitHub\SpaceAventural\Program\TrainingFramework\src\Helper\ThreadPool.h(37,13): warning C4477:  'printf' : format string '%d' requires an argument of type 'int', but variadic argument 1 has type 'std::thread::id'
C:\Users\quang\OneDrive\Documents\GitHub\SpaceAventural\Program\Soloud\include\soloud.h(37,1): warning C4005:  'WIN32_LEAN_AND_MEAN': macro redefinition
C:\Users\quang\OneDrive\Documents\GitHub\SpaceAventural\Program\Include\AMD\EGL\eglplatform.h(67): message :  see previous definition of 'WIN32_LEAN_AND_MEAN'
C:\Users\quang\OneDrive\Documents\GitHub\SpaceAventural\Program\TrainingFramework\src\GameObject\Player.cpp(21,21): warning C4305:  '=': truncation from 'double' to 'float'
C:\Users\quang\OneDrive\Documents\GitHub\SpaceAventural\Program\TrainingFramework\src\GameObject\Player.cpp(144,34): warning C4244:  '-=': conversion from 'float' to 'int', possible loss of data
C:\Users\quang\OneDrive\Documents\GitHub\SpaceAventural\Program\TrainingFramework\src\GameObject\Player.cpp(156,34): warning C4244:  '-=': conversion from 'float' to 'int', possible loss of data
C:\Users\quang\OneDrive\Documents\GitHub\SpaceAventural\Program\TrainingFramework\src\GameObject\Player.cpp(168,34): warning C4244:  '-=': conversion from 'float' to 'int', possible loss of data
C:\Users\quang\OneDrive\Documents\GitHub\SpaceAventural\Program\TrainingFramework\src\GameObject\Player.cpp(180,34): warning C4244:  '-=': conversion from 'float' to 'int', possible loss of data
  meteor.cpp
C:\Users\quang\OneDrive\Documents\GitHub\SpaceAventural\Program\TrainingFramework\src\GameObject\Player.cpp(196,34): warning C4244:  '-=': conversion from 'float' to 'int', possible loss of data
C:\Users\quang\OneDrive\Documents\GitHub\SpaceAventural\Program\TrainingFramework\src\Helper\ThreadPool.h(37,13): warning C4477:  'printf' : format string '%d' requires an argument of type 'int', but variadic argument 1 has type 'std::thread::id'
C:\Users\quang\OneDrive\Documents\GitHub\SpaceAventural\Program\Soloud\include\soloud.h(37,1): warning C4005:  'WIN32_LEAN_AND_MEAN': macro redefinition
C:\Users\quang\OneDrive\Documents\GitHub\SpaceAventural\Program\Include\AMD\EGL\eglplatform.h(67): message :  see previous definition of 'WIN32_LEAN_AND_MEAN'
  GameButton.cpp
  Font.cpp
  ExplosiveEffect.cpp
  Enermy.cpp
C:\Users\quang\OneDrive\Documents\GitHub\SpaceAventural\Program\TrainingFramework\src\GameObject\meteor.cpp(9,21): warning C4305:  '=': truncation from 'double' to 'float'
C:\Users\quang\OneDrive\Documents\GitHub\SpaceAventural\Program\TrainingFramework\src\Helper\ThreadPool.h(37,13): warning C4477:  'printf' : format string '%d' requires an argument of type 'int', but variadic argument 1 has type 'std::thread::id'
C:\Users\quang\OneDrive\Documents\GitHub\SpaceAventural\Program\Soloud\include\soloud.h(37,1): warning C4005:  'WIN32_LEAN_AND_MEAN': macro redefinition
C:\Users\quang\OneDrive\Documents\GitHub\SpaceAventural\Program\Include\AMD\EGL\eglplatform.h(67): message :  see previous definition of 'WIN32_LEAN_AND_MEAN'
C:\Users\quang\OneDrive\Documents\GitHub\SpaceAventural\Program\TrainingFramework\src\GameObject\Enermy.cpp(10,21): warning C4305:  '=': truncation from 'double' to 'float'
  Bullet3.cpp
  Bullet2.cpp
  Bullet.cpp
  SoundManager.cpp
C:\Users\quang\OneDrive\Documents\GitHub\SpaceAventural\Program\TrainingFramework\src\GameObject\Enermy.cpp(114,34): warning C4244:  '-=': conversion from 'float' to 'int', possible loss of data
C:\Users\quang\OneDrive\Documents\GitHub\SpaceAventural\Program\TrainingFramework\src\Helper\ThreadPool.h(37,13): warning C4477:  'printf' : format string '%d' requires an argument of type 'int', but variadic argument 1 has type 'std::thread::id'
C:\Users\quang\OneDrive\Documents\GitHub\SpaceAventural\Program\Soloud\include\soloud.h(37,1): warning C4005:  'WIN32_LEAN_AND_MEAN': macro redefinition
  ResourceManagers.cpp
C:\Users\quang\OneDrive\Documents\GitHub\SpaceAventural\Program\Include\AMD\EGL\eglplatform.h(67): message :  see previous definition of 'WIN32_LEAN_AND_MEAN'
C:\Users\quang\OneDrive\Documents\GitHub\SpaceAventural\Program\TrainingFramework\src\Helper\ThreadPool.h(37,13): warning C4477:  'printf' : format string '%d' requires an argument of type 'int', but variadic argument 1 has type 'std::thread::id'
C:\Users\quang\OneDrive\Documents\GitHub\SpaceAventural\Program\Soloud\include\soloud.h(37,1): warning C4005:  'WIN32_LEAN_AND_MEAN': macro redefinition
  Application.cpp
C:\Users\quang\OneDrive\Documents\GitHub\SpaceAventural\Program\Include\AMD\EGL\eglplatform.h(67): message :  see previous definition of 'WIN32_LEAN_AND_MEAN'
C:\Users\quang\OneDrive\Documents\GitHub\SpaceAventural\Program\TrainingFramework\src\Helper\ThreadPool.h(37,13): warning C4477:  'printf' : format string '%d' requires an argument of type 'int', but variadic argument 1 has type 'std::thread::id'
C:\Users\quang\OneDrive\Documents\GitHub\SpaceAventural\Program\Soloud\include\soloud.h(37,1): warning C4005:  'WIN32_LEAN_AND_MEAN': macro redefinition
  Generating Code...
C:\Users\quang\OneDrive\Documents\GitHub\SpaceAventural\Program\Include\AMD\EGL\eglplatform.h(67): message :  see previous definition of 'WIN32_LEAN_AND_MEAN'
Application.obj : warning LNK4075: ignoring '/EDITANDCONTINUE' due to '/SAFESEH' specification
  TrainingFramework.vcxproj -> C:\Users\quang\OneDrive\Documents\GitHub\SpaceAventural\Program\\BIN-Nvidia\TrainingFramework.exe
