C:\Program Files (x86)\Microsoft Visual Studio\2019\Professional\MSBuild\Microsoft\VC\v160\Microsoft.CppBuild.targets(992,5): warning MSB8027: Two or more files with the name of sid.cpp will produce outputs to the same location. This can lead to an incorrect build result.  The files involved are src\audiosource\tedsid\sid.cpp, src\tools\tedsid2dump\sid.cpp.
C:\Program Files (x86)\Microsoft Visual Studio\2019\Professional\MSBuild\Microsoft\VC\v160\Microsoft.CppBuild.targets(992,5): warning MSB8027: Two or more files with the name of main.cpp will produce outputs to the same location. This can lead to an incorrect build result.  The files involved are src\tools\codegen\main.cpp, src\tools\lutgen\main.cpp, src\tools\resamplerlab\main.cpp, src\tools\tedsid2dump\main.cpp.
  soloud_monotone.cpp
  soloud_openmpt.cpp
  soloud_sfxr.cpp
  darray.cpp
  klatt.cpp
  resonator.cpp
  soloud_speech.cpp
  tts.cpp
  sid.cpp
  soloud_tedsid.cpp
  ted.cpp
  soloud_vic.cpp
  soloud_vizsn.cpp
C:\Users\quang\OneDrive\Documents\GitHub\SpaceAventural\Program\soloud\src\audiosource\vizsn\soloud_vizsn.cpp(250,2): warning C4996:  'sprintf': This function or variable may be unsafe. Consider using sprintf_s instead. To disable deprecation, use _CRT_SECURE_NO_WARNINGS. See online help for details.
C:\Program Files (x86)\Windows Kits\10\Include\10.0.18362.0\ucrt\stdio.h(1774): message :  see declaration of 'sprintf'
C:\Users\quang\OneDrive\Documents\GitHub\SpaceAventural\Program\soloud\src\audiosource\vizsn\soloud_vizsn.cpp(264,2): warning C4996:  'sprintf': This function or variable may be unsafe. Consider using sprintf_s instead. To disable deprecation, use _CRT_SECURE_NO_WARNINGS. See online help for details.
C:\Program Files (x86)\Windows Kits\10\Include\10.0.18362.0\ucrt\stdio.h(1774): message :  see declaration of 'sprintf'
C:\Users\quang\OneDrive\Documents\GitHub\SpaceAventural\Program\soloud\src\audiosource\vizsn\soloud_vizsn.cpp(275,2): warning C4996:  'sprintf': This function or variable may be unsafe. Consider using sprintf_s instead. To disable deprecation, use _CRT_SECURE_NO_WARNINGS. See online help for details.
C:\Program Files (x86)\Windows Kits\10\Include\10.0.18362.0\ucrt\stdio.h(1774): message :  see declaration of 'sprintf'
C:\Users\quang\OneDrive\Documents\GitHub\SpaceAventural\Program\soloud\src\audiosource\vizsn\soloud_vizsn.cpp(288,2): warning C4996:  'sprintf': This function or variable may be unsafe. Consider using sprintf_s instead. To disable deprecation, use _CRT_SECURE_NO_WARNINGS. See online help for details.
  dr_impl.cpp
  soloud_wav.cpp
  soloud_wavstream.cpp
  soloud_coreaudio.cpp
  soloud_null.cpp
  soloud_opensles.cpp
  soloud_oss.cpp
  Generating Code...
  Compiling...
  soloud_portaudio.cpp
  soloud_sdl2_static.cpp
  soloud_sdl1.cpp
  soloud_sdl2.cpp
  soloud_sdl_static.cpp
  soloud_wasapi.cpp
  soloud_winmm.cpp
  soloud_xaudio2.cpp
  soloud.cpp
C:\Program Files (x86)\Windows Kits\10\Include\10.0.18362.0\ucrt\stdio.h(1774): message :  see declaration of 'sprintf'
C:\Users\quang\OneDrive\Documents\GitHub\SpaceAventural\Program\soloud\src\core\soloud.cpp(187,2): warning C4996:  'sprintf': This function or variable may be unsafe. Consider using sprintf_s instead. To disable deprecation, use _CRT_SECURE_NO_WARNINGS. See online help for details.
C:\Program Files (x86)\Windows Kits\10\Include\10.0.18362.0\ucrt\stdio.h(1774): message :  see declaration of 'sprintf'
C:\Users\quang\OneDrive\Documents\GitHub\SpaceAventural\Program\soloud\src\core\soloud.cpp(1629,2): warning C4996:  'sprintf': This function or variable may be unsafe. Consider using sprintf_s instead. To disable deprecation, use _CRT_SECURE_NO_WARNINGS. See online help for details.
C:\Program Files (x86)\Windows Kits\10\Include\10.0.18362.0\ucrt\stdio.h(1774): message :  see declaration of 'sprintf'
C:\Users\quang\OneDrive\Documents\GitHub\SpaceAventural\Program\soloud\src\core\soloud.cpp(1668,2): warning C4996:  'sprintf': This function or variable may be unsafe. Consider using sprintf_s instead. To disable deprecation, use _CRT_SECURE_NO_WARNINGS. See online help for details.
C:\Program Files (x86)\Windows Kits\10\Include\10.0.18362.0\ucrt\stdio.h(1774): message :  see declaration of 'sprintf'
C:\Users\quang\OneDrive\Documents\GitHub\SpaceAventural\Program\soloud\src\core\soloud.cpp(1991,2): warning C4996:  'sprintf': This function or variable may be unsafe. Consider using sprintf_s instead. To disable deprecation, use _CRT_SECURE_NO_WARNINGS. See online help for details.
C:\Program Files (x86)\Windows Kits\10\Include\10.0.18362.0\ucrt\stdio.h(1774): message :  see declaration of 'sprintf'
C:\Users\quang\OneDrive\Documents\GitHub\SpaceAventural\Program\soloud\src\core\soloud.cpp(1997,2): warning C4996:  'sprintf': This function or variable may be unsafe. Consider using sprintf_s instead. To disable deprecation, use _CRT_SECURE_NO_WARNINGS. See online help for details.
  soloud_audiosource.cpp
  soloud_bus.cpp
  soloud_core_3d.cpp
  soloud_core_basicops.cpp
  soloud_core_faderops.cpp
  soloud_core_filterops.cpp
  soloud_core_getters.cpp
  soloud_core_setters.cpp
  soloud_core_voicegroup.cpp
  soloud_core_voiceops.cpp
C:\Program Files (x86)\Windows Kits\10\Include\10.0.18362.0\ucrt\stdio.h(1774): message :  see declaration of 'sprintf'
C:\Users\quang\OneDrive\Documents\GitHub\SpaceAventural\Program\soloud\src\core\soloud_core_voiceops.cpp(33,2): warning C4996:  'sprintf': This function or variable may be unsafe. Consider using sprintf_s instead. To disable deprecation, use _CRT_SECURE_NO_WARNINGS. See online help for details.
C:\Program Files (x86)\Windows Kits\10\Include\10.0.18362.0\ucrt\stdio.h(1774): message :  see declaration of 'sprintf'
C:\Users\quang\OneDrive\Documents\GitHub\SpaceAventural\Program\soloud\src\core\soloud_core_voiceops.cpp(34,2): warning C4996:  'sprintf': This function or variable may be unsafe. Consider using sprintf_s instead. To disable deprecation, use _CRT_SECURE_NO_WARNINGS. See online help for details.
C:\Program Files (x86)\Windows Kits\10\Include\10.0.18362.0\ucrt\stdio.h(1774): message :  see declaration of 'sprintf'
C:\Users\quang\OneDrive\Documents\GitHub\SpaceAventural\Program\soloud\src\core\soloud_core_voiceops.cpp(51,2): warning C4996:  'sprintf': This function or variable may be unsafe. Consider using sprintf_s instead. To disable deprecation, use _CRT_SECURE_NO_WARNINGS. See online help for details.
C:\Program Files (x86)\Windows Kits\10\Include\10.0.18362.0\ucrt\stdio.h(1774): message :  see declaration of 'sprintf'
C:\Users\quang\OneDrive\Documents\GitHub\SpaceAventural\Program\soloud\src\core\soloud_core_voiceops.cpp(52,2): warning C4996:  'sprintf': This function or variable may be unsafe. Consider using sprintf_s instead. To disable deprecation, use _CRT_SECURE_NO_WARNINGS. See online help for details.
C:\Program Files (x86)\Windows Kits\10\Include\10.0.18362.0\ucrt\stdio.h(1774): message :  see declaration of 'sprintf'
C:\Users\quang\OneDrive\Documents\GitHub\SpaceAventural\Program\soloud\src\core\soloud_core_voiceops.cpp(71,2): warning C4996:  'sprintf': This function or variable may be unsafe. Consider using sprintf_s instead. To disable deprecation, use _CRT_SECURE_NO_WARNINGS. See online help for details.
C:\Program Files (x86)\Windows Kits\10\Include\10.0.18362.0\ucrt\stdio.h(1774): message :  see declaration of 'sprintf'
C:\Users\quang\OneDrive\Documents\GitHub\SpaceAventural\Program\soloud\src\core\soloud_core_voiceops.cpp(72,2): warning C4996:  'sprintf': This function or variable may be unsafe. Consider using sprintf_s instead. To disable deprecation, use _CRT_SECURE_NO_WARNINGS. See online help for details.
C:\Program Files (x86)\Windows Kits\10\Include\10.0.18362.0\ucrt\stdio.h(1774): message :  see declaration of 'sprintf'
C:\Users\quang\OneDrive\Documents\GitHub\SpaceAventural\Program\soloud\src\core\soloud_core_voiceops.cpp(106,2): warning C4996:  'sprintf': This function or variable may be unsafe. Consider using sprintf_s instead. To disable deprecation, use _CRT_SECURE_NO_WARNINGS. See online help for details.
C:\Program Files (x86)\Windows Kits\10\Include\10.0.18362.0\ucrt\stdio.h(1774): message :  see declaration of 'sprintf'
C:\Users\quang\OneDrive\Documents\GitHub\SpaceAventural\Program\soloud\src\core\soloud_core_voiceops.cpp(107,2): warning C4996:  'sprintf': This function or variable may be unsafe. Consider using sprintf_s instead. To disable deprecation, use _CRT_SECURE_NO_WARNINGS. See online help for details.
C:\Program Files (x86)\Windows Kits\10\Include\10.0.18362.0\ucrt\stdio.h(1774): message :  see declaration of 'sprintf'
C:\Users\quang\OneDrive\Documents\GitHub\SpaceAventural\Program\soloud\src\core\soloud_core_voiceops.cpp(118,2): warning C4996:  'sprintf': This function or variable may be unsafe. Consider using sprintf_s instead. To disable deprecation, use _CRT_SECURE_NO_WARNINGS. See online help for details.
C:\Program Files (x86)\Windows Kits\10\Include\10.0.18362.0\ucrt\stdio.h(1774): message :  see declaration of 'sprintf'
C:\Users\quang\OneDrive\Documents\GitHub\SpaceAventural\Program\soloud\src\core\soloud_core_voiceops.cpp(119,2): warning C4996:  'sprintf': This function or variable may be unsafe. Consider using sprintf_s instead. To disable deprecation, use _CRT_SECURE_NO_WARNINGS. See online help for details.
C:\Program Files (x86)\Windows Kits\10\Include\10.0.18362.0\ucrt\stdio.h(1774): message :  see declaration of 'sprintf'
C:\Users\quang\OneDrive\Documents\GitHub\SpaceAventural\Program\soloud\src\core\soloud_core_voiceops.cpp(141,2): warning C4996:  'sprintf': This function or variable may be unsafe. Consider using sprintf_s instead. To disable deprecation, use _CRT_SECURE_NO_WARNINGS. See online help for details.
C:\Program Files (x86)\Windows Kits\10\Include\10.0.18362.0\ucrt\stdio.h(1774): message :  see declaration of 'sprintf'
C:\Users\quang\OneDrive\Documents\GitHub\SpaceAventural\Program\soloud\src\core\soloud_core_voiceops.cpp(142,2): warning C4996:  'sprintf': This function or variable may be unsafe. Consider using sprintf_s instead. To disable deprecation, use _CRT_SECURE_NO_WARNINGS. See online help for details.
C:\Program Files (x86)\Windows Kits\10\Include\10.0.18362.0\ucrt\stdio.h(1774): message :  see declaration of 'sprintf'
C:\Users\quang\OneDrive\Documents\GitHub\SpaceAventural\Program\soloud\src\core\soloud_core_voiceops.cpp(149,2): warning C4996:  'sprintf': This function or variable may be unsafe. Consider using sprintf_s instead. To disable deprecation, use _CRT_SECURE_NO_WARNINGS. See online help for details.
C:\Program Files (x86)\Windows Kits\10\Include\10.0.18362.0\ucrt\stdio.h(1774): message :  see declaration of 'sprintf'
C:\Users\quang\OneDrive\Documents\GitHub\SpaceAventural\Program\soloud\src\core\soloud_core_voiceops.cpp(150,2): warning C4996:  'sprintf': This function or variable may be unsafe. Consider using sprintf_s instead. To disable deprecation, use _CRT_SECURE_NO_WARNINGS. See online help for details.
  soloud_fader.cpp
  Generating Code...
  Compiling...
  soloud_fft.cpp
  soloud_fft_lut.cpp
  soloud_file.cpp
  soloud_filter.cpp
  soloud_queue.cpp
  soloud_thread.cpp
  soloud_c.cpp
  soloud_bassboostfilter.cpp
  soloud_biquadresonantfilter.cpp
  soloud_dcremovalfilter.cpp
  soloud_echofilter.cpp
  soloud_fftfilter.cpp
  soloud_flangerfilter.cpp
  soloud_lofifilter.cpp
  soloud_robotizefilter.cpp
  soloud_waveshaperfilter.cpp
  main.cpp
C:\Program Files (x86)\Windows Kits\10\Include\10.0.18362.0\ucrt\stdio.h(1774): message :  see declaration of 'sprintf'
C:\Users\quang\OneDrive\Documents\GitHub\SpaceAventural\Program\soloud\src\tools\codegen\main.cpp(134,1): warning C4996:  'fopen': This function or variable may be unsafe. Consider using fopen_s instead. To disable deprecation, use _CRT_SECURE_NO_WARNINGS. See online help for details.
C:\Program Files (x86)\Windows Kits\10\Include\10.0.18362.0\ucrt\stdio.h(208): message :  see declaration of 'fopen'
C:\Users\quang\OneDrive\Documents\GitHub\SpaceAventural\Program\soloud\src\tools\codegen\main.cpp(467,1): warning C4996:  'sprintf': This function or variable may be unsafe. Consider using sprintf_s instead. To disable deprecation, use _CRT_SECURE_NO_WARNINGS. See online help for details.
C:\Program Files (x86)\Windows Kits\10\Include\10.0.18362.0\ucrt\stdio.h(1774): message :  see declaration of 'sprintf'
C:\Users\quang\OneDrive\Documents\GitHub\SpaceAventural\Program\soloud\src\tools\codegen\main.cpp(730,1): warning C4996:  'fopen': This function or variable may be unsafe. Consider using fopen_s instead. To disable deprecation, use _CRT_SECURE_NO_WARNINGS. See online help for details.
C:\Program Files (x86)\Windows Kits\10\Include\10.0.18362.0\ucrt\stdio.h(208): message :  see declaration of 'fopen'
C:\Users\quang\OneDrive\Documents\GitHub\SpaceAventural\Program\soloud\src\tools\codegen\main.cpp(889,1): warning C4996:  'fopen': This function or variable may be unsafe. Consider using fopen_s instead. To disable deprecation, use _CRT_SECURE_NO_WARNINGS. See online help for details.
C:\Program Files (x86)\Windows Kits\10\Include\10.0.18362.0\ucrt\stdio.h(208): message :  see declaration of 'fopen'
C:\Users\quang\OneDrive\Documents\GitHub\SpaceAventural\Program\soloud\src\tools\codegen\main.cpp(890,1): warning C4996:  'fopen': This function or variable may be unsafe. Consider using fopen_s instead. To disable deprecation, use _CRT_SECURE_NO_WARNINGS. See online help for details.
C:\Program Files (x86)\Windows Kits\10\Include\10.0.18362.0\ucrt\stdio.h(208): message :  see declaration of 'fopen'
C:\Users\quang\OneDrive\Documents\GitHub\SpaceAventural\Program\soloud\src\tools\codegen\main.cpp(891,1): warning C4996:  'fopen': This function or variable may be unsafe. Consider using fopen_s instead. To disable deprecation, use _CRT_SECURE_NO_WARNINGS. See online help for details.
C:\Program Files (x86)\Windows Kits\10\Include\10.0.18362.0\ucrt\stdio.h(208): message :  see declaration of 'fopen'
C:\Users\quang\OneDrive\Documents\GitHub\SpaceAventural\Program\soloud\src\tools\codegen\main.cpp(892,1): warning C4996:  'fopen': This function or variable may be unsafe. Consider using fopen_s instead. To disable deprecation, use _CRT_SECURE_NO_WARNINGS. See online help for details.
C:\Program Files (x86)\Windows Kits\10\Include\10.0.18362.0\ucrt\stdio.h(208): message :  see declaration of 'fopen'
C:\Users\quang\OneDrive\Documents\GitHub\SpaceAventural\Program\soloud\src\tools\codegen\main.cpp(1116,1): warning C4996:  'fopen': This function or variable may be unsafe. Consider using fopen_s instead. To disable deprecation, use _CRT_SECURE_NO_WARNINGS. See online help for details.
  main.cpp
C:\Program Files (x86)\Windows Kits\10\Include\10.0.18362.0\ucrt\stdio.h(208): message :  see declaration of 'fopen'
C:\Users\quang\OneDrive\Documents\GitHub\SpaceAventural\Program\soloud\src\tools\lutgen\main.cpp(159,1): warning C4996:  'fopen': This function or variable may be unsafe. Consider using fopen_s instead. To disable deprecation, use _CRT_SECURE_NO_WARNINGS. See online help for details.
  main.cpp
C:\Program Files (x86)\Windows Kits\10\Include\10.0.18362.0\ucrt\stdio.h(208): message :  see declaration of 'fopen'
C:\Users\quang\OneDrive\Documents\GitHub\SpaceAventural\Program\soloud\src\tools\resamplerlab\main.cpp(736,1): warning C4996:  'sprintf': This function or variable may be unsafe. Consider using sprintf_s instead. To disable deprecation, use _CRT_SECURE_NO_WARNINGS. See online help for details.
C:\Program Files (x86)\Windows Kits\10\Include\10.0.18362.0\ucrt\stdio.h(1774): message :  see declaration of 'sprintf'
C:\Users\quang\OneDrive\Documents\GitHub\SpaceAventural\Program\soloud\src\tools\resamplerlab\main.cpp(738,1): warning C4996:  'sprintf': This function or variable may be unsafe. Consider using sprintf_s instead. To disable deprecation, use _CRT_SECURE_NO_WARNINGS. See online help for details.
C:\Program Files (x86)\Windows Kits\10\Include\10.0.18362.0\ucrt\stdio.h(1774): message :  see declaration of 'sprintf'
C:\Users\quang\OneDrive\Documents\GitHub\SpaceAventural\Program\soloud\src\tools\resamplerlab\main.cpp(944,1): warning C4996:  'sprintf': This function or variable may be unsafe. Consider using sprintf_s instead. To disable deprecation, use _CRT_SECURE_NO_WARNINGS. See online help for details.
C:\Program Files (x86)\Windows Kits\10\Include\10.0.18362.0\ucrt\stdio.h(1774): message :  see declaration of 'sprintf'
C:\Users\quang\OneDrive\Documents\GitHub\SpaceAventural\Program\soloud\src\tools\resamplerlab\main.cpp(948,1): warning C4996:  'sprintf': This function or variable may be unsafe. Consider using sprintf_s instead. To disable deprecation, use _CRT_SECURE_NO_WARNINGS. See online help for details.
C:\Program Files (x86)\Windows Kits\10\Include\10.0.18362.0\ucrt\stdio.h(1774): message :  see declaration of 'sprintf'
C:\Users\quang\OneDrive\Documents\GitHub\SpaceAventural\Program\soloud\src\tools\resamplerlab\main.cpp(965,1): warning C4996:  'setbuf': This function or variable may be unsafe. Consider using setvbuf instead. To disable deprecation, use _CRT_SECURE_NO_WARNINGS. See online help for details.
C:\Program Files (x86)\Windows Kits\10\Include\10.0.18362.0\ucrt\stdio.h(395): message :  see declaration of 'setbuf'
C:\Users\quang\OneDrive\Documents\GitHub\SpaceAventural\Program\soloud\src\tools\resamplerlab\main.cpp(971,1): warning C4996:  'sprintf': This function or variable may be unsafe. Consider using sprintf_s instead. To disable deprecation, use _CRT_SECURE_NO_WARNINGS. See online help for details.
C:\Program Files (x86)\Windows Kits\10\Include\10.0.18362.0\ucrt\stdio.h(1774): message :  see declaration of 'sprintf'
C:\Users\quang\OneDrive\Documents\GitHub\SpaceAventural\Program\soloud\src\tools\resamplerlab\main.cpp(972,1): warning C4996:  'fopen': This function or variable may be unsafe. Consider using fopen_s instead. To disable deprecation, use _CRT_SECURE_NO_WARNINGS. See online help for details.
C:\Program Files (x86)\Windows Kits\10\Include\10.0.18362.0\ucrt\stdio.h(208): message :  see declaration of 'fopen'
C:\Users\quang\OneDrive\Documents\GitHub\SpaceAventural\Program\soloud\src\tools\resamplerlab\main.cpp(976,1): warning C4996:  'fopen': This function or variable may be unsafe. Consider using fopen_s instead. To disable deprecation, use _CRT_SECURE_NO_WARNINGS. See online help for details.
  sanity.cpp
C:\Program Files (x86)\Windows Kits\10\Include\10.0.18362.0\ucrt\stdio.h(208): message :  see declaration of 'fopen'
C:\Users\quang\OneDrive\Documents\GitHub\SpaceAventural\Program\soloud\src\tools\sanity\sanity.cpp(1507,1): warning C4996:  'fopen': This function or variable may be unsafe. Consider using fopen_s instead. To disable deprecation, use _CRT_SECURE_NO_WARNINGS. See online help for details.
C:\Program Files (x86)\Windows Kits\10\Include\10.0.18362.0\ucrt\stdio.h(208): message :  see declaration of 'fopen'
C:\Users\quang\OneDrive\Documents\GitHub\SpaceAventural\Program\soloud\src\tools\sanity\sanity.cpp(1511,1): warning C4996:  'fopen': This function or variable may be unsafe. Consider using fopen_s instead. To disable deprecation, use _CRT_SECURE_NO_WARNINGS. See online help for details.
  Generating Code...
  Compiling...
  cbmtune.cpp
C:\Program Files (x86)\Windows Kits\10\Include\10.0.18362.0\ucrt\stdio.h(208): message :  see declaration of 'fopen'
C:\Users\quang\OneDrive\Documents\GitHub\SpaceAventural\Program\soloud\src\tools\tedsid2dump\cbmtune.cpp(37,1): warning C4996:  'fopen': This function or variable may be unsafe. Consider using fopen_s instead. To disable deprecation, use _CRT_SECURE_NO_WARNINGS. See online help for details.
  cpu.cpp
  main.cpp
C:\Program Files (x86)\Windows Kits\10\Include\10.0.18362.0\ucrt\stdio.h(208): message :  see declaration of 'fopen'
C:\Users\quang\OneDrive\Documents\GitHub\SpaceAventural\Program\soloud\src\tools\tedsid2dump\main.cpp(159,1): warning C4996:  'fopen': This function or variable may be unsafe. Consider using fopen_s instead. To disable deprecation, use _CRT_SECURE_NO_WARNINGS. See online help for details.
C:\Program Files (x86)\Windows Kits\10\Include\10.0.18362.0\ucrt\stdio.h(208): message :  see declaration of 'fopen'
C:\Users\quang\OneDrive\Documents\GitHub\SpaceAventural\Program\soloud\src\tools\tedsid2dump\main.cpp(186,1): warning C4996:  'sprintf': This function or variable may be unsafe. Consider using sprintf_s instead. To disable deprecation, use _CRT_SECURE_NO_WARNINGS. See online help for details.
C:\Program Files (x86)\Windows Kits\10\Include\10.0.18362.0\ucrt\stdio.h(1774): message :  see declaration of 'sprintf'
C:\Users\quang\OneDrive\Documents\GitHub\SpaceAventural\Program\soloud\src\tools\tedsid2dump\main.cpp(204,1): warning C4996:  'fopen': This function or variable may be unsafe. Consider using fopen_s instead. To disable deprecation, use _CRT_SECURE_NO_WARNINGS. See online help for details.
  sid.cpp
  tedmem.cpp
C:\Program Files (x86)\Windows Kits\10\Include\10.0.18362.0\ucrt\stdio.h(208): message :  see declaration of 'fopen'
C:\Users\quang\OneDrive\Documents\GitHub\SpaceAventural\Program\soloud\src\tools\tedsid2dump\tedmem.cpp(75,1): warning C4996:  'strcpy': This function or variable may be unsafe. Consider using strcpy_s instead. To disable deprecation, use _CRT_SECURE_NO_WARNINGS. See online help for details.
C:\Program Files (x86)\Windows Kits\10\Include\10.0.18362.0\ucrt\string.h(133): message :  see declaration of 'strcpy'
C:\Users\quang\OneDrive\Documents\GitHub\SpaceAventural\Program\soloud\src\tools\tedsid2dump\tedmem.cpp(76,1): warning C4996:  'strcpy': This function or variable may be unsafe. Consider using strcpy_s instead. To disable deprecation, use _CRT_SECURE_NO_WARNINGS. See online help for details.
C:\Program Files (x86)\Windows Kits\10\Include\10.0.18362.0\ucrt\string.h(133): message :  see declaration of 'strcpy'
C:\Users\quang\OneDrive\Documents\GitHub\SpaceAventural\Program\soloud\src\tools\tedsid2dump\tedmem.cpp(187,1): warning C4996:  'fopen': This function or variable may be unsafe. Consider using fopen_s instead. To disable deprecation, use _CRT_SECURE_NO_WARNINGS. See online help for details.
C:\Program Files (x86)\Windows Kits\10\Include\10.0.18362.0\ucrt\stdio.h(208): message :  see declaration of 'fopen'
C:\Users\quang\OneDrive\Documents\GitHub\SpaceAventural\Program\soloud\src\tools\tedsid2dump\tedmem.cpp(212,1): warning C4996:  'fopen': This function or variable may be unsafe. Consider using fopen_s instead. To disable deprecation, use _CRT_SECURE_NO_WARNINGS. See online help for details.
  tedplay.cpp
C:\Program Files (x86)\Windows Kits\10\Include\10.0.18362.0\ucrt\stdio.h(208): message :  see declaration of 'fopen'
C:\Users\quang\OneDrive\Documents\GitHub\SpaceAventural\Program\soloud\src\tools\tedsid2dump\tedplay.cpp(62,1): warning C4996:  'strncpy': This function or variable may be unsafe. Consider using strncpy_s instead. To disable deprecation, use _CRT_SECURE_NO_WARNINGS. See online help for details.
C:\Program Files (x86)\Windows Kits\10\Include\10.0.18362.0\ucrt\string.h(338): message :  see declaration of 'strncpy'
C:\Users\quang\OneDrive\Documents\GitHub\SpaceAventural\Program\soloud\src\tools\tedsid2dump\tedplay.cpp(64,1): warning C4996:  'strncpy': This function or variable may be unsafe. Consider using strncpy_s instead. To disable deprecation, use _CRT_SECURE_NO_WARNINGS. See online help for details.
C:\Program Files (x86)\Windows Kits\10\Include\10.0.18362.0\ucrt\string.h(338): message :  see declaration of 'strncpy'
C:\Users\quang\OneDrive\Documents\GitHub\SpaceAventural\Program\soloud\src\tools\tedsid2dump\tedplay.cpp(66,1): warning C4996:  'strncpy': This function or variable may be unsafe. Consider using strncpy_s instead. To disable deprecation, use _CRT_SECURE_NO_WARNINGS. See online help for details.
C:\Program Files (x86)\Windows Kits\10\Include\10.0.18362.0\ucrt\string.h(338): message :  see declaration of 'strncpy'
C:\Users\quang\OneDrive\Documents\GitHub\SpaceAventural\Program\soloud\src\tools\tedsid2dump\tedplay.cpp(82,1): warning C4996:  'strcat': This function or variable may be unsafe. Consider using strcat_s instead. To disable deprecation, use _CRT_SECURE_NO_WARNINGS. See online help for details.
C:\Program Files (x86)\Windows Kits\10\Include\10.0.18362.0\ucrt\string.h(90): message :  see declaration of 'strcat'
C:\Users\quang\OneDrive\Documents\GitHub\SpaceAventural\Program\soloud\src\tools\tedsid2dump\tedplay.cpp(100,1): warning C4996:  'sprintf': This function or variable may be unsafe. Consider using sprintf_s instead. To disable deprecation, use _CRT_SECURE_NO_WARNINGS. See online help for details.
C:\Program Files (x86)\Windows Kits\10\Include\10.0.18362.0\ucrt\stdio.h(1774): message :  see declaration of 'sprintf'
C:\Users\quang\OneDrive\Documents\GitHub\SpaceAventural\Program\soloud\src\tools\tedsid2dump\tedplay.cpp(101,1): warning C4996:  'sprintf': This function or variable may be unsafe. Consider using sprintf_s instead. To disable deprecation, use _CRT_SECURE_NO_WARNINGS. See online help for details.
C:\Program Files (x86)\Windows Kits\10\Include\10.0.18362.0\ucrt\stdio.h(1774): message :  see declaration of 'sprintf'
C:\Users\quang\OneDrive\Documents\GitHub\SpaceAventural\Program\soloud\src\tools\tedsid2dump\tedplay.cpp(102,1): warning C4996:  'strcat': This function or variable may be unsafe. Consider using strcat_s instead. To disable deprecation, use _CRT_SECURE_NO_WARNINGS. See online help for details.
C:\Program Files (x86)\Windows Kits\10\Include\10.0.18362.0\ucrt\string.h(90): message :  see declaration of 'strcat'
C:\Users\quang\OneDrive\Documents\GitHub\SpaceAventural\Program\soloud\src\tools\tedsid2dump\tedplay.cpp(103,1): warning C4996:  'sprintf': This function or variable may be unsafe. Consider using sprintf_s instead. To disable deprecation, use _CRT_SECURE_NO_WARNINGS. See online help for details.
C:\Program Files (x86)\Windows Kits\10\Include\10.0.18362.0\ucrt\stdio.h(1774): message :  see declaration of 'sprintf'
C:\Users\quang\OneDrive\Documents\GitHub\SpaceAventural\Program\soloud\src\tools\tedsid2dump\tedplay.cpp(104,1): warning C4996:  'strcat': This function or variable may be unsafe. Consider using strcat_s instead. To disable deprecation, use _CRT_SECURE_NO_WARNINGS. See online help for details.
C:\Program Files (x86)\Windows Kits\10\Include\10.0.18362.0\ucrt\string.h(90): message :  see declaration of 'strcat'
C:\Users\quang\OneDrive\Documents\GitHub\SpaceAventural\Program\soloud\src\tools\tedsid2dump\tedplay.cpp(105,1): warning C4996:  'sprintf': This function or variable may be unsafe. Consider using sprintf_s instead. To disable deprecation, use _CRT_SECURE_NO_WARNINGS. See online help for details.
C:\Program Files (x86)\Windows Kits\10\Include\10.0.18362.0\ucrt\stdio.h(1774): message :  see declaration of 'sprintf'
C:\Users\quang\OneDrive\Documents\GitHub\SpaceAventural\Program\soloud\src\tools\tedsid2dump\tedplay.cpp(106,1): warning C4996:  'strcat': This function or variable may be unsafe. Consider using strcat_s instead. To disable deprecation, use _CRT_SECURE_NO_WARNINGS. See online help for details.
C:\Program Files (x86)\Windows Kits\10\Include\10.0.18362.0\ucrt\string.h(90): message :  see declaration of 'strcat'
C:\Users\quang\OneDrive\Documents\GitHub\SpaceAventural\Program\soloud\src\tools\tedsid2dump\tedplay.cpp(107,1): warning C4996:  'sprintf': This function or variable may be unsafe. Consider using sprintf_s instead. To disable deprecation, use _CRT_SECURE_NO_WARNINGS. See online help for details.
C:\Program Files (x86)\Windows Kits\10\Include\10.0.18362.0\ucrt\stdio.h(1774): message :  see declaration of 'sprintf'
C:\Users\quang\OneDrive\Documents\GitHub\SpaceAventural\Program\soloud\src\tools\tedsid2dump\tedplay.cpp(108,1): warning C4996:  'strcat': This function or variable may be unsafe. Consider using strcat_s instead. To disable deprecation, use _CRT_SECURE_NO_WARNINGS. See online help for details.
C:\Program Files (x86)\Windows Kits\10\Include\10.0.18362.0\ucrt\string.h(90): message :  see declaration of 'strcat'
C:\Users\quang\OneDrive\Documents\GitHub\SpaceAventural\Program\soloud\src\tools\tedsid2dump\tedplay.cpp(109,1): warning C4996:  'sprintf': This function or variable may be unsafe. Consider using sprintf_s instead. To disable deprecation, use _CRT_SECURE_NO_WARNINGS. See online help for details.
C:\Program Files (x86)\Windows Kits\10\Include\10.0.18362.0\ucrt\stdio.h(1774): message :  see declaration of 'sprintf'
C:\Users\quang\OneDrive\Documents\GitHub\SpaceAventural\Program\soloud\src\tools\tedsid2dump\tedplay.cpp(110,1): warning C4996:  'strcat': This function or variable may be unsafe. Consider using strcat_s instead. To disable deprecation, use _CRT_SECURE_NO_WARNINGS. See online help for details.
C:\Program Files (x86)\Windows Kits\10\Include\10.0.18362.0\ucrt\string.h(90): message :  see declaration of 'strcat'
C:\Users\quang\OneDrive\Documents\GitHub\SpaceAventural\Program\soloud\src\tools\tedsid2dump\tedplay.cpp(111,1): warning C4996:  'sprintf': This function or variable may be unsafe. Consider using sprintf_s instead. To disable deprecation, use _CRT_SECURE_NO_WARNINGS. See online help for details.
C:\Program Files (x86)\Windows Kits\10\Include\10.0.18362.0\ucrt\stdio.h(1774): message :  see declaration of 'sprintf'
C:\Users\quang\OneDrive\Documents\GitHub\SpaceAventural\Program\soloud\src\tools\tedsid2dump\tedplay.cpp(112,1): warning C4996:  'strcat': This function or variable may be unsafe. Consider using strcat_s instead. To disable deprecation, use _CRT_SECURE_NO_WARNINGS. See online help for details.
C:\Program Files (x86)\Windows Kits\10\Include\10.0.18362.0\ucrt\string.h(90): message :  see declaration of 'strcat'
C:\Users\quang\OneDrive\Documents\GitHub\SpaceAventural\Program\soloud\src\tools\tedsid2dump\tedplay.cpp(113,1): warning C4996:  'sprintf': This function or variable may be unsafe. Consider using sprintf_s instead. To disable deprecation, use _CRT_SECURE_NO_WARNINGS. See online help for details.
C:\Program Files (x86)\Windows Kits\10\Include\10.0.18362.0\ucrt\stdio.h(1774): message :  see declaration of 'sprintf'
C:\Users\quang\OneDrive\Documents\GitHub\SpaceAventural\Program\soloud\src\tools\tedsid2dump\tedplay.cpp(114,1): warning C4996:  'strcat': This function or variable may be unsafe. Consider using strcat_s instead. To disable deprecation, use _CRT_SECURE_NO_WARNINGS. See online help for details.
C:\Program Files (x86)\Windows Kits\10\Include\10.0.18362.0\ucrt\string.h(90): message :  see declaration of 'strcat'
C:\Users\quang\OneDrive\Documents\GitHub\SpaceAventural\Program\soloud\src\tools\tedsid2dump\tedplay.cpp(115,1): warning C4996:  'sprintf': This function or variable may be unsafe. Consider using sprintf_s instead. To disable deprecation, use _CRT_SECURE_NO_WARNINGS. See online help for details.
C:\Program Files (x86)\Windows Kits\10\Include\10.0.18362.0\ucrt\stdio.h(1774): message :  see declaration of 'sprintf'
C:\Users\quang\OneDrive\Documents\GitHub\SpaceAventural\Program\soloud\src\tools\tedsid2dump\tedplay.cpp(116,1): warning C4996:  'strcat': This function or variable may be unsafe. Consider using strcat_s instead. To disable deprecation, use _CRT_SECURE_NO_WARNINGS. See online help for details.
C:\Program Files (x86)\Windows Kits\10\Include\10.0.18362.0\ucrt\string.h(90): message :  see declaration of 'strcat'
C:\Users\quang\OneDrive\Documents\GitHub\SpaceAventural\Program\soloud\src\tools\tedsid2dump\tedplay.cpp(135,1): warning C4996:  'fopen': This function or variable may be unsafe. Consider using fopen_s instead. To disable deprecation, use _CRT_SECURE_NO_WARNINGS. See online help for details.
C:\Program Files (x86)\Windows Kits\10\Include\10.0.18362.0\ucrt\stdio.h(208): message :  see declaration of 'fopen'
C:\Users\quang\OneDrive\Documents\GitHub\SpaceAventural\Program\soloud\src\tools\tedsid2dump\tedplay.cpp(212,1): warning C4996:  'fopen': This function or variable may be unsafe. Consider using fopen_s instead. To disable deprecation, use _CRT_SECURE_NO_WARNINGS. See online help for details.
C:\Program Files (x86)\Windows Kits\10\Include\10.0.18362.0\ucrt\stdio.h(208): message :  see declaration of 'fopen'
C:\Users\quang\OneDrive\Documents\GitHub\SpaceAventural\Program\soloud\src\tools\tedsid2dump\tedplay.cpp(297,1): warning C4996:  'strcpy': This function or variable may be unsafe. Consider using strcpy_s instead. To disable deprecation, use _CRT_SECURE_NO_WARNINGS. See online help for details.
C:\Program Files (x86)\Windows Kits\10\Include\10.0.18362.0\ucrt\string.h(133): message :  see declaration of 'strcpy'
C:\Users\quang\OneDrive\Documents\GitHub\SpaceAventural\Program\soloud\src\tools\tedsid2dump\tedplay.cpp(299,1): warning C4996:  'strcpy': This function or variable may be unsafe. Consider using strcpy_s instead. To disable deprecation, use _CRT_SECURE_NO_WARNINGS. See online help for details.
C:\Program Files (x86)\Windows Kits\10\Include\10.0.18362.0\ucrt\string.h(133): message :  see declaration of 'strcpy'
C:\Users\quang\OneDrive\Documents\GitHub\SpaceAventural\Program\soloud\src\tools\tedsid2dump\tedplay.cpp(301,1): warning C4996:  'strcpy': This function or variable may be unsafe. Consider using strcpy_s instead. To disable deprecation, use _CRT_SECURE_NO_WARNINGS. See online help for details.
C:\Program Files (x86)\Windows Kits\10\Include\10.0.18362.0\ucrt\string.h(133): message :  see declaration of 'strcpy'
C:\Users\quang\OneDrive\Documents\GitHub\SpaceAventural\Program\soloud\src\tools\tedsid2dump\tedplay.cpp(378,1): warning C4996:  'strcpy': This function or variable may be unsafe. Consider using strcpy_s instead. To disable deprecation, use _CRT_SECURE_NO_WARNINGS. See online help for details.
C:\Program Files (x86)\Windows Kits\10\Include\10.0.18362.0\ucrt\string.h(133): message :  see declaration of 'strcpy'
C:\Users\quang\OneDrive\Documents\GitHub\SpaceAventural\Program\soloud\src\tools\tedsid2dump\tedplay.cpp(382,1): warning C4996:  'strcpy': This function or variable may be unsafe. Consider using strcpy_s instead. To disable deprecation, use _CRT_SECURE_NO_WARNINGS. See online help for details.
C:\Program Files (x86)\Windows Kits\10\Include\10.0.18362.0\ucrt\string.h(133): message :  see declaration of 'strcpy'
C:\Users\quang\OneDrive\Documents\GitHub\SpaceAventural\Program\soloud\src\tools\tedsid2dump\tedplay.cpp(385,1): warning C4996:  'strcpy': This function or variable may be unsafe. Consider using strcpy_s instead. To disable deprecation, use _CRT_SECURE_NO_WARNINGS. See online help for details.
C:\Program Files (x86)\Windows Kits\10\Include\10.0.18362.0\ucrt\string.h(133): message :  see declaration of 'strcpy'
C:\Users\quang\OneDrive\Documents\GitHub\SpaceAventural\Program\soloud\src\tools\tedsid2dump\tedplay.cpp(418,1): warning C4996:  'strcpy': This function or variable may be unsafe. Consider using strcpy_s instead. To disable deprecation, use _CRT_SECURE_NO_WARNINGS. See online help for details.
C:\Program Files (x86)\Windows Kits\10\Include\10.0.18362.0\ucrt\string.h(133): message :  see declaration of 'strcpy'
C:\Users\quang\OneDrive\Documents\GitHub\SpaceAventural\Program\soloud\src\tools\tedsid2dump\tedplay.cpp(419,1): warning C4996:  'strcpy': This function or variable may be unsafe. Consider using strcpy_s instead. To disable deprecation, use _CRT_SECURE_NO_WARNINGS. See online help for details.
C:\Program Files (x86)\Windows Kits\10\Include\10.0.18362.0\ucrt\string.h(133): message :  see declaration of 'strcpy'
C:\Users\quang\OneDrive\Documents\GitHub\SpaceAventural\Program\soloud\src\tools\tedsid2dump\tedplay.cpp(420,1): warning C4996:  'strcpy': This function or variable may be unsafe. Consider using strcpy_s instead. To disable deprecation, use _CRT_SECURE_NO_WARNINGS. See online help for details.
C:\Program Files (x86)\Windows Kits\10\Include\10.0.18362.0\ucrt\string.h(133): message :  see declaration of 'strcpy'
C:\Users\quang\OneDrive\Documents\GitHub\SpaceAventural\Program\soloud\src\tools\tedsid2dump\tedplay.cpp(449,1): warning C4996:  'strcpy': This function or variable may be unsafe. Consider using strcpy_s instead. To disable deprecation, use _CRT_SECURE_NO_WARNINGS. See online help for details.
C:\Program Files (x86)\Windows Kits\10\Include\10.0.18362.0\ucrt\string.h(133): message :  see declaration of 'strcpy'
C:\Users\quang\OneDrive\Documents\GitHub\SpaceAventural\Program\soloud\src\tools\tedsid2dump\tedplay.cpp(459,1): warning C4996:  'strcpy': This function or variable may be unsafe. Consider using strcpy_s instead. To disable deprecation, use _CRT_SECURE_NO_WARNINGS. See online help for details.
C:\Program Files (x86)\Windows Kits\10\Include\10.0.18362.0\ucrt\string.h(133): message :  see declaration of 'strcpy'
C:\Users\quang\OneDrive\Documents\GitHub\SpaceAventural\Program\soloud\src\tools\tedsid2dump\tedplay.cpp(460,1): warning C4996:  'strcpy': This function or variable may be unsafe. Consider using strcpy_s instead. To disable deprecation, use _CRT_SECURE_NO_WARNINGS. See online help for details.
C:\Program Files (x86)\Windows Kits\10\Include\10.0.18362.0\ucrt\string.h(133): message :  see declaration of 'strcpy'
C:\Users\quang\OneDrive\Documents\GitHub\SpaceAventural\Program\soloud\src\tools\tedsid2dump\tedplay.cpp(461,1): warning C4996:  'strcpy': This function or variable may be unsafe. Consider using strcpy_s instead. To disable deprecation, use _CRT_SECURE_NO_WARNINGS. See online help for details.
C:\Program Files (x86)\Windows Kits\10\Include\10.0.18362.0\ucrt\string.h(133): message :  see declaration of 'strcpy'
C:\Users\quang\OneDrive\Documents\GitHub\SpaceAventural\Program\soloud\src\tools\tedsid2dump\tedplay.cpp(462,1): warning C4996:  'strcpy': This function or variable may be unsafe. Consider using strcpy_s instead. To disable deprecation, use _CRT_SECURE_NO_WARNINGS. See online help for details.
  tedsound.cpp
  Generating Code...
C:\Program Files (x86)\Windows Kits\10\Include\10.0.18362.0\ucrt\string.h(133): message :  see declaration of 'strcpy'
C:\Program Files (x86)\Windows Kits\10\Include\10.0.18362.0\ucrt\string.h(133): message : C:\Users\quang\OneDrive\Documents\GitHub\SpaceAventural\Program\soloud\src\tools\tedsid2dump\tedsound.cpp: warning C4819: The file contains a character that cannot be represented in the current code page (932). Save the file in Unicode format to prevent data loss
  soloud_openmpt_dll.c
  stb_vorbis.c
  soloud_portaudio_dll.c
  soloud_sdl1_dll.c
  soloud_sdl2_dll.c
  stb_image_write.c
C:\Users\quang\OneDrive\Documents\GitHub\SpaceAventural\Program\soloud\src\tools\resamplerlab\stb_image_write.h(210,1): warning C4996:  'fopen': This function or variable may be unsafe. Consider using fopen_s instead. To disable deprecation, use _CRT_SECURE_NO_WARNINGS. See online help for details.
C:\Program Files (x86)\Windows Kits\10\Include\10.0.18362.0\ucrt\stdio.h(208): message :  see declaration of 'fopen'
C:\Users\quang\OneDrive\Documents\GitHub\SpaceAventural\Program\soloud\src\tools\resamplerlab\stb_image_write.h(372,1): warning C4996:  'fopen': This function or variable may be unsafe. Consider using fopen_s instead. To disable deprecation, use _CRT_SECURE_NO_WARNINGS. See online help for details.
C:\Program Files (x86)\Windows Kits\10\Include\10.0.18362.0\ucrt\stdio.h(208): message :  see declaration of 'fopen'
C:\Users\quang\OneDrive\Documents\GitHub\SpaceAventural\Program\soloud\src\tools\resamplerlab\stb_image_write.h(702,1): warning C4996:  'fopen': This function or variable may be unsafe. Consider using fopen_s instead. To disable deprecation, use _CRT_SECURE_NO_WARNINGS. See online help for details.
  Generating Code...
C:\Program Files (x86)\Windows Kits\10\Include\10.0.18362.0\ucrt\stdio.h(208): message :  see declaration of 'fopen'
Debug\main.obj : warning LNK4042: object specified more than once; extras ignored
Debug\main.obj : warning LNK4042: object specified more than once; extras ignored
Debug\main.obj : warning LNK4042: object specified more than once; extras ignored
Debug\sid.obj : warning LNK4042: object specified more than once; extras ignored
main.obj : warning LNK4006: _main already defined in sanity.obj; second definition ignored
ted.obj : warning LNK4006: "public: __thiscall TED::TED(void)" (??0TED@@QAE@XZ) already defined in tedmem.obj; second definition ignored
ted.obj : warning LNK4006: "public: void __thiscall TED::enableChannel(unsigned int,bool)" (?enableChannel@TED@@QAEXI_N@Z) already defined in tedmem.obj; second definition ignored
ted.obj : warning LNK4006: "public: void __thiscall TED::oscillatorReset(void)" (?oscillatorReset@TED@@QAEXXZ) already defined in tedsound.obj; second definition ignored
ted.obj : warning LNK4006: "public: void __thiscall TED::oscillatorInit(void)" (?oscillatorInit@TED@@QAEXXZ) already defined in tedsound.obj; second definition ignored
  soloud.vcxproj -> C:\Users\quang\OneDrive\Documents\GitHub\SpaceAventural\Program\soloud\Debug\soloud.lib
