  Application.cpp
  Sprite2D.cpp
D:\Games\Programming\TrainingFramework\src\Application.cpp(84,50): warning C4305:  'argument': truncation from 'double' to 'GLfloat'
D:\Games\Programming\TrainingFramework\src\GameObject\Sprite2D.cpp(143,11): warning C4244:  'initializing': conversion from 'double' to 'float', possible loss of data
D:\Games\Programming\TrainingFramework\src\GameObject\Sprite2D.cpp(144,11): warning C4244:  'initializing': conversion from 'double' to 'float', possible loss of data
D:\Games\Programming\TrainingFramework\src\GameObject\Sprite2D.cpp(154,11): warning C4244:  'initializing': conversion from 'double' to 'float', possible loss of data
  Camera.cpp
  Sprite3D.cpp
  Models.cpp
D:\Games\Programming\TrainingFramework\src\GameObject\Sprite2D.cpp(155,11): warning C4244:  'initializing': conversion from 'double' to 'float', possible loss of data
D:\Games\Programming\TrainingFramework\src\GameObject\Models.cpp(35,1): warning C4996:  'fopen': This function or variable may be unsafe. Consider using fopen_s instead. To disable deprecation, use _CRT_SECURE_NO_WARNINGS. See online help for details.
C:\Program Files (x86)\Windows Kits\10\Include\10.0.17763.0\ucrt\stdio.h(208): message :  see declaration of 'fopen'
D:\Games\Programming\TrainingFramework\src\GameObject\Models.cpp(53,1): warning C4996:  'fscanf': This function or variable may be unsafe. Consider using fscanf_s instead. To disable deprecation, use _CRT_SECURE_NO_WARNINGS. See online help for details.
C:\Program Files (x86)\Windows Kits\10\Include\10.0.17763.0\ucrt\stdio.h(1197): message :  see declaration of 'fscanf'
D:\Games\Programming\TrainingFramework\src\GameObject\Models.cpp(54,1): warning C4996:  'fscanf': This function or variable may be unsafe. Consider using fscanf_s instead. To disable deprecation, use _CRT_SECURE_NO_WARNINGS. See online help for details.
C:\Program Files (x86)\Windows Kits\10\Include\10.0.17763.0\ucrt\stdio.h(1197): message :  see declaration of 'fscanf'
D:\Games\Programming\TrainingFramework\src\GameObject\Models.cpp(60,1): warning C4996:  'fscanf': This function or variable may be unsafe. Consider using fscanf_s instead. To disable deprecation, use _CRT_SECURE_NO_WARNINGS. See online help for details.
C:\Program Files (x86)\Windows Kits\10\Include\10.0.17763.0\ucrt\stdio.h(1197): message :  see declaration of 'fscanf'
D:\Games\Programming\TrainingFramework\src\GameObject\Models.cpp(62,1): warning C4996:  'fscanf': This function or variable may be unsafe. Consider using fscanf_s instead. To disable deprecation, use _CRT_SECURE_NO_WARNINGS. See online help for details.
C:\Program Files (x86)\Windows Kits\10\Include\10.0.17763.0\ucrt\stdio.h(1197): message :  see declaration of 'fscanf'
D:\Games\Programming\TrainingFramework\src\GameObject\Models.cpp(63,1): warning C4996:  'fscanf': This function or variable may be unsafe. Consider using fscanf_s instead. To disable deprecation, use _CRT_SECURE_NO_WARNINGS. See online help for details.
C:\Program Files (x86)\Windows Kits\10\Include\10.0.17763.0\ucrt\stdio.h(1197): message :  see declaration of 'fscanf'
D:\Games\Programming\TrainingFramework\src\GameObject\Models.cpp(64,1): warning C4996:  'fscanf': This function or variable may be unsafe. Consider using fscanf_s instead. To disable deprecation, use _CRT_SECURE_NO_WARNINGS. See online help for details.
C:\Program Files (x86)\Windows Kits\10\Include\10.0.17763.0\ucrt\stdio.h(1197): message :  see declaration of 'fscanf'
D:\Games\Programming\TrainingFramework\src\GameObject\Models.cpp(66,1): warning C4996:  'fscanf': This function or variable may be unsafe. Consider using fscanf_s instead. To disable deprecation, use _CRT_SECURE_NO_WARNINGS. See online help for details.
C:\Program Files (x86)\Windows Kits\10\Include\10.0.17763.0\ucrt\stdio.h(1197): message :  see declaration of 'fscanf'
D:\Games\Programming\TrainingFramework\src\GameObject\Models.cpp(67,1): warning C4996:  'fscanf': This function or variable may be unsafe. Consider using fscanf_s instead. To disable deprecation, use _CRT_SECURE_NO_WARNINGS. See online help for details.
C:\Program Files (x86)\Windows Kits\10\Include\10.0.17763.0\ucrt\stdio.h(1197): message :  see declaration of 'fscanf'
D:\Games\Programming\TrainingFramework\src\GameObject\Models.cpp(68,1): warning C4996:  'fscanf': This function or variable may be unsafe. Consider using fscanf_s instead. To disable deprecation, use _CRT_SECURE_NO_WARNINGS. See online help for details.
C:\Program Files (x86)\Windows Kits\10\Include\10.0.17763.0\ucrt\stdio.h(1197): message :  see declaration of 'fscanf'
D:\Games\Programming\TrainingFramework\src\GameObject\Models.cpp(70,1): warning C4996:  'fscanf': This function or variable may be unsafe. Consider using fscanf_s instead. To disable deprecation, use _CRT_SECURE_NO_WARNINGS. See online help for details.
C:\Program Files (x86)\Windows Kits\10\Include\10.0.17763.0\ucrt\stdio.h(1197): message :  see declaration of 'fscanf'
D:\Games\Programming\TrainingFramework\src\GameObject\Models.cpp(71,1): warning C4996:  'fscanf': This function or variable may be unsafe. Consider using fscanf_s instead. To disable deprecation, use _CRT_SECURE_NO_WARNINGS. See online help for details.
C:\Program Files (x86)\Windows Kits\10\Include\10.0.17763.0\ucrt\stdio.h(1197): message :  see declaration of 'fscanf'
D:\Games\Programming\TrainingFramework\src\GameObject\Models.cpp(72,1): warning C4996:  'fscanf': This function or variable may be unsafe. Consider using fscanf_s instead. To disable deprecation, use _CRT_SECURE_NO_WARNINGS. See online help for details.
C:\Program Files (x86)\Windows Kits\10\Include\10.0.17763.0\ucrt\stdio.h(1197): message :  see declaration of 'fscanf'
D:\Games\Programming\TrainingFramework\src\GameObject\Models.cpp(74,1): warning C4996:  'fscanf': This function or variable may be unsafe. Consider using fscanf_s instead. To disable deprecation, use _CRT_SECURE_NO_WARNINGS. See online help for details.
C:\Program Files (x86)\Windows Kits\10\Include\10.0.17763.0\ucrt\stdio.h(1197): message :  see declaration of 'fscanf'
D:\Games\Programming\TrainingFramework\src\GameObject\Models.cpp(75,1): warning C4996:  'fscanf': This function or variable may be unsafe. Consider using fscanf_s instead. To disable deprecation, use _CRT_SECURE_NO_WARNINGS. See online help for details.
C:\Program Files (x86)\Windows Kits\10\Include\10.0.17763.0\ucrt\stdio.h(1197): message :  see declaration of 'fscanf'
D:\Games\Programming\TrainingFramework\src\GameObject\Models.cpp(76,1): warning C4996:  'fscanf': This function or variable may be unsafe. Consider using fscanf_s instead. To disable deprecation, use _CRT_SECURE_NO_WARNINGS. See online help for details.
C:\Program Files (x86)\Windows Kits\10\Include\10.0.17763.0\ucrt\stdio.h(1197): message :  see declaration of 'fscanf'
D:\Games\Programming\TrainingFramework\src\GameObject\Models.cpp(78,1): warning C4996:  'fscanf': This function or variable may be unsafe. Consider using fscanf_s instead. To disable deprecation, use _CRT_SECURE_NO_WARNINGS. See online help for details.
C:\Program Files (x86)\Windows Kits\10\Include\10.0.17763.0\ucrt\stdio.h(1197): message :  see declaration of 'fscanf'
D:\Games\Programming\TrainingFramework\src\GameObject\Models.cpp(79,1): warning C4996:  'fscanf': This function or variable may be unsafe. Consider using fscanf_s instead. To disable deprecation, use _CRT_SECURE_NO_WARNINGS. See online help for details.
C:\Program Files (x86)\Windows Kits\10\Include\10.0.17763.0\ucrt\stdio.h(1197): message :  see declaration of 'fscanf'
D:\Games\Programming\TrainingFramework\src\GameObject\Models.cpp(84,1): warning C4996:  'fscanf': This function or variable may be unsafe. Consider using fscanf_s instead. To disable deprecation, use _CRT_SECURE_NO_WARNINGS. See online help for details.
C:\Program Files (x86)\Windows Kits\10\Include\10.0.17763.0\ucrt\stdio.h(1197): message :  see declaration of 'fscanf'
D:\Games\Programming\TrainingFramework\src\GameObject\Models.cpp(89,1): warning C4996:  'fscanf': This function or variable may be unsafe. Consider using fscanf_s instead. To disable deprecation, use _CRT_SECURE_NO_WARNINGS. See online help for details.
C:\Program Files (x86)\Windows Kits\10\Include\10.0.17763.0\ucrt\stdio.h(1197): message :  see declaration of 'fscanf'
D:\Games\Programming\TrainingFramework\src\GameObject\Models.cpp(90,1): warning C4996:  'fscanf': This function or variable may be unsafe. Consider using fscanf_s instead. To disable deprecation, use _CRT_SECURE_NO_WARNINGS. See online help for details.
C:\Program Files (x86)\Windows Kits\10\Include\10.0.17763.0\ucrt\stdio.h(1197): message :  see declaration of 'fscanf'
D:\Games\Programming\TrainingFramework\src\GameObject\Models.cpp(91,1): warning C4996:  'fscanf': This function or variable may be unsafe. Consider using fscanf_s instead. To disable deprecation, use _CRT_SECURE_NO_WARNINGS. See online help for details.
C:\Program Files (x86)\Windows Kits\10\Include\10.0.17763.0\ucrt\stdio.h(1197): message :  see declaration of 'fscanf'
D:\Games\Programming\TrainingFramework\src\GameObject\Models.cpp(92,1): warning C4996:  'fscanf': This function or variable may be unsafe. Consider using fscanf_s instead. To disable deprecation, use _CRT_SECURE_NO_WARNINGS. See online help for details.
C:\Program Files (x86)\Windows Kits\10\Include\10.0.17763.0\ucrt\stdio.h(1197): message :  see declaration of 'fscanf'
D:\Games\Programming\TrainingFramework\src\GameObject\Models.cpp(93,1): warning C4996:  'fscanf': This function or variable may be unsafe. Consider using fscanf_s instead. To disable deprecation, use _CRT_SECURE_NO_WARNINGS. See online help for details.
  Shaders.cpp
  Texture.cpp
  TrainingFramework.cpp
C:\Program Files (x86)\Windows Kits\10\Include\10.0.17763.0\ucrt\stdio.h(1197): message :  see declaration of 'fscanf'
  Generating code
  Previous IPDB not found, fall back to full compilation.
  All 176 functions were compiled because no usable IPDB/IOBJ from previous compilation was found.
  Finished generating code
  TrainingFramework.vcxproj -> D:\Games\Programming\\BIN-Nvidia\TrainingFramework.exe
