  autofit.c
  bdf.c
  cff.c
  ftbase.c
  C:\Users\quang\OneDrive\Documents\GitHub\spaceeeeeeeeeeeeeeeeeeeeeeeeeeeeeeeeeeeeee\Program\freetype\src\autofit\afscript.h: warning C4819: The file contains a character that cannot be represented in the current code page (932). Save the file in Unicode format to prevent data loss (compiling source file ..\..\..\src\autofit\autofit.c)
  C:\Users\quang\OneDrive\Documents\GitHub\spaceeeeeeeeeeeeeeeeeeeeeeeeeeeeeeeeeeeeee\Program\freetype\src\autofit\afscript.h: warning C4819: The file contains a character that cannot be represented in the current code page (932). Save the file in Unicode format to prevent data loss (compiling source file ..\..\..\src\autofit\autofit.c)
  C:\Users\quang\OneDrive\Documents\GitHub\spaceeeeeeeeeeeeeeeeeeeeeeeeeeeeeeeeeeeeee\Program\freetype\src\autofit\afblue.c: warning C4819: The file contains a character that cannot be represented in the current code page (932). Save the file in Unicode format to prevent data loss (compiling source file ..\..\..\src\autofit\autofit.c)
  C:\Users\quang\OneDrive\Documents\GitHub\spaceeeeeeeeeeeeeeeeeeeeeeeeeeeeeeeeeeeeee\Program\freetype\src\autofit\afscript.h: warning C4819: The file contains a character that cannot be represented in the current code page (932). Save the file in Unicode format to prevent data loss (compiling source file ..\..\..\src\autofit\autofit.c)
  C:\Users\quang\OneDrive\Documents\GitHub\spaceeeeeeeeeeeeeeeeeeeeeeeeeeeeeeeeeeeeee\Program\freetype\src\autofit\afscript.h: warning C4819: The file contains a character that cannot be represented in the current code page (932). Save the file in Unicode format to prevent data loss (compiling source file ..\..\..\src\autofit\autofit.c)
  C:\Users\quang\OneDrive\Documents\GitHub\spaceeeeeeeeeeeeeeeeeeeeeeeeeeeeeeeeeeeeee\Program\freetype\src\autofit\afscript.h: warning C4819: The file contains a character that cannot be represented in the current code page (932). Save the file in Unicode format to prevent data loss (compiling source file ..\..\..\src\autofit\autofit.c)
  ftbitmap.c
  ftcache.c
  ftfstype.c
  ftgasp.c
  ftglyph.c
  ftgzip.c
  ftinit.c
  ftlzw.c
  ftstroke.c
  ftsystem.c
  smooth.c
  ftbbox.c
  ftmm.c
  ftpfr.c
  ftsynth.c
  fttype1.c
  ftwinfnt.c
  ftxf86.c
  ftlcdfil.c
  ftgxval.c
  ftotval.c
  ftpatent.c
  pcf.c
  pfr.c
  psaux.c
  pshinter.c
  psmodule.c
  raster.c
  sfnt.c
  truetype.c
  type1.c
  type1cid.c
  type42.c
  winfnt.c
  ftdebug.c
  freetype.vcxproj -> C:\Users\quang\OneDrive\Documents\GitHub\spaceeeeeeeeeeeeeeeeeeeeeeeeeeeeeeeeeeeeee\Program\freetype\builds\windows\vc2019\.\..\..\..\objs\vc2019\Win32\freetype.lib
